{"/home/travis/build/npmtest/node-npmtest-awesome-typescript-loader/test.js":{"path":"/home/travis/build/npmtest/node-npmtest-awesome-typescript-loader/test.js","s":{"1":2,"2":2,"3":2,"4":2,"5":2,"6":2,"7":2,"8":1,"9":2,"10":2,"11":1,"12":1,"13":1,"14":1,"15":2,"16":2,"17":2,"18":2,"19":1,"20":1,"21":2,"22":2,"23":2,"24":1,"25":1,"26":1,"27":1,"28":1,"29":1,"30":1,"31":1,"32":1,"33":1,"34":1,"35":1,"36":1,"37":2,"38":2,"39":1,"40":2,"41":2,"42":1,"43":2,"44":2,"45":1,"46":2,"47":2,"48":1,"49":1,"50":1,"51":1,"52":1},"b":{"1":[2,1,1,1],"2":[1,1,1,1],"3":[1,1],"4":[1,1],"5":[1,1],"6":[1,1],"7":[1,1],"8":[1,1],"9":[1,1,1],"10":[1,1],"11":[1,1],"12":[1,1],"13":[1,1],"14":[1,1],"15":[1,1],"16":[1,1]},"f":{"1":2,"2":2,"3":2,"4":2,"5":2,"6":1,"7":1,"8":2,"9":2,"10":2,"11":2,"12":1},"fnMap":{"1":{"name":"(anonymous_1)","line":12,"loc":{"start":{"line":12,"column":1},"end":{"line":12,"column":13}}},"2":{"name":"(anonymous_2)","line":19,"loc":{"start":{"line":19,"column":5},"end":{"line":19,"column":17}}},"3":{"name":"(anonymous_3)","line":23,"loc":{"start":{"line":23,"column":24},"end":{"line":23,"column":36}}},"4":{"name":"(anonymous_4)","line":61,"loc":{"start":{"line":61,"column":5},"end":{"line":61,"column":17}}},"5":{"name":"(anonymous_5)","line":82,"loc":{"start":{"line":82,"column":5},"end":{"line":82,"column":17}}},"6":{"name":"(anonymous_6)","line":102,"loc":{"start":{"line":102,"column":83},"end":{"line":105,"column":10}},"skip":true},"7":{"name":"(anonymous_7)","line":113,"loc":{"start":{"line":113,"column":77},"end":{"line":116,"column":10}},"skip":true},"8":{"name":"(anonymous_8)","line":129,"loc":{"start":{"line":129,"column":12},"end":{"line":129,"column":40}},"skip":true},"9":{"name":"(anonymous_9)","line":137,"loc":{"start":{"line":137,"column":77},"end":{"line":140,"column":10}},"skip":true},"10":{"name":"(anonymous_10)","line":148,"loc":{"start":{"line":148,"column":83},"end":{"line":151,"column":10}},"skip":true},"11":{"name":"(anonymous_11)","line":159,"loc":{"start":{"line":159,"column":79},"end":{"line":162,"column":10}},"skip":true},"12":{"name":"(anonymous_12)","line":170,"loc":{"start":{"line":170,"column":75},"end":{"line":173,"column":10}},"skip":true}},"statementMap":{"1":{"start":{"line":12,"column":0},"end":{"line":185,"column":5}},"2":{"start":{"line":14,"column":4},"end":{"line":14,"column":14}},"3":{"start":{"line":19,"column":4},"end":{"line":56,"column":9}},"4":{"start":{"line":21,"column":8},"end":{"line":21,"column":19}},"5":{"start":{"line":23,"column":8},"end":{"line":35,"column":13}},"6":{"start":{"line":24,"column":12},"end":{"line":34,"column":13}},"7":{"start":{"line":25,"column":16},"end":{"line":28,"column":30}},"8":{"start":{"line":30,"column":16},"end":{"line":33,"column":27}},"9":{"start":{"line":37,"column":8},"end":{"line":39,"column":21}},"10":{"start":{"line":40,"column":8},"end":{"line":53,"column":9}},"11":{"start":{"line":43,"column":12},"end":{"line":46,"column":14}},"12":{"start":{"line":47,"column":12},"end":{"line":47,"column":18}},"13":{"start":{"line":50,"column":12},"end":{"line":51,"column":46}},"14":{"start":{"line":52,"column":12},"end":{"line":52,"column":18}},"15":{"start":{"line":55,"column":8},"end":{"line":55,"column":35}},"16":{"start":{"line":61,"column":4},"end":{"line":63,"column":9}},"17":{"start":{"line":62,"column":8},"end":{"line":62,"column":15}},"18":{"start":{"line":64,"column":4},"end":{"line":77,"column":5}},"19":{"start":{"line":70,"column":8},"end":{"line":70,"column":14}},"20":{"start":{"line":76,"column":8},"end":{"line":76,"column":14}},"21":{"start":{"line":82,"column":4},"end":{"line":84,"column":9}},"22":{"start":{"line":83,"column":8},"end":{"line":83,"column":15}},"23":{"start":{"line":85,"column":4},"end":{"line":184,"column":5}},"24":{"start":{"line":92,"column":8},"end":{"line":94,"column":63}},"25":{"start":{"line":95,"column":8},"end":{"line":95,"column":14}},"26":{"start":{"line":102,"column":8},"end":{"line":111,"column":10},"skip":true},"27":{"start":{"line":109,"column":12},"end":{"line":109,"column":55},"skip":true},"28":{"start":{"line":110,"column":12},"end":{"line":110,"column":48},"skip":true},"29":{"start":{"line":113,"column":8},"end":{"line":126,"column":10},"skip":true},"30":{"start":{"line":120,"column":12},"end":{"line":120,"column":76},"skip":true},"31":{"start":{"line":121,"column":12},"end":{"line":121,"column":73},"skip":true},"32":{"start":{"line":122,"column":12},"end":{"line":122,"column":74},"skip":true},"33":{"start":{"line":123,"column":12},"end":{"line":123,"column":79},"skip":true},"34":{"start":{"line":124,"column":12},"end":{"line":124,"column":25},"skip":true},"35":{"start":{"line":125,"column":12},"end":{"line":125,"column":45},"skip":true},"36":{"start":{"line":128,"column":8},"end":{"line":135,"column":14},"skip":true},"37":{"start":{"line":133,"column":16},"end":{"line":133,"column":29},"skip":true},"38":{"start":{"line":134,"column":16},"end":{"line":134,"column":55},"skip":true},"39":{"start":{"line":137,"column":8},"end":{"line":146,"column":10},"skip":true},"40":{"start":{"line":144,"column":12},"end":{"line":144,"column":25},"skip":true},"41":{"start":{"line":145,"column":12},"end":{"line":145,"column":45},"skip":true},"42":{"start":{"line":148,"column":8},"end":{"line":157,"column":10},"skip":true},"43":{"start":{"line":155,"column":12},"end":{"line":155,"column":25},"skip":true},"44":{"start":{"line":156,"column":12},"end":{"line":156,"column":48},"skip":true},"45":{"start":{"line":159,"column":8},"end":{"line":168,"column":10},"skip":true},"46":{"start":{"line":166,"column":12},"end":{"line":166,"column":25},"skip":true},"47":{"start":{"line":167,"column":12},"end":{"line":167,"column":46},"skip":true},"48":{"start":{"line":170,"column":8},"end":{"line":179,"column":10},"skip":true},"49":{"start":{"line":177,"column":12},"end":{"line":177,"column":94},"skip":true},"50":{"start":{"line":178,"column":12},"end":{"line":178,"column":48},"skip":true},"51":{"start":{"line":182,"column":8},"end":{"line":182,"column":35},"skip":true},"52":{"start":{"line":183,"column":8},"end":{"line":183,"column":14},"skip":true}},"branchMap":{"1":{"line":25,"type":"binary-expr","locations":[{"start":{"line":25,"column":23},"end":{"line":25,"column":62}},{"start":{"line":26,"column":20},"end":{"line":26,"column":70}},{"start":{"line":27,"column":20},"end":{"line":27,"column":71}},{"start":{"line":28,"column":20},"end":{"line":28,"column":29}}]},"2":{"line":30,"type":"binary-expr","locations":[{"start":{"line":30,"column":23},"end":{"line":30,"column":37}},{"start":{"line":31,"column":20},"end":{"line":31,"column":61}},{"start":{"line":32,"column":20},"end":{"line":32,"column":70}},{"start":{"line":33,"column":20},"end":{"line":33,"column":26}}]},"3":{"line":37,"type":"cond-expr","locations":[{"start":{"line":38,"column":14},"end":{"line":38,"column":20}},{"start":{"line":39,"column":14},"end":{"line":39,"column":20}}]},"4":{"line":40,"type":"switch","locations":[{"start":{"line":42,"column":8},"end":{"line":47,"column":18}},{"start":{"line":49,"column":8},"end":{"line":52,"column":18}}]},"5":{"line":44,"type":"binary-expr","locations":[{"start":{"line":44,"column":16},"end":{"line":44,"column":44}},{"start":{"line":44,"column":48},"end":{"line":44,"column":66}}]},"6":{"line":50,"type":"binary-expr","locations":[{"start":{"line":50,"column":21},"end":{"line":50,"column":49}},{"start":{"line":50,"column":53},"end":{"line":50,"column":72}}]},"7":{"line":64,"type":"switch","locations":[{"start":{"line":69,"column":4},"end":{"line":70,"column":14}},{"start":{"line":75,"column":4},"end":{"line":76,"column":14}}]},"8":{"line":85,"type":"switch","locations":[{"start":{"line":90,"column":4},"end":{"line":95,"column":14}},{"start":{"line":101,"column":4},"end":{"line":183,"column":14},"skip":true}]},"9":{"line":92,"type":"binary-expr","locations":[{"start":{"line":92,"column":18},"end":{"line":92,"column":32}},{"start":{"line":93,"column":12},"end":{"line":93,"column":53}},{"start":{"line":94,"column":12},"end":{"line":94,"column":61}}]},"10":{"line":102,"type":"binary-expr","locations":[{"start":{"line":102,"column":45},"end":{"line":102,"column":79},"skip":true},{"start":{"line":102,"column":83},"end":{"line":111,"column":9},"skip":true}]},"11":{"line":113,"type":"binary-expr","locations":[{"start":{"line":113,"column":42},"end":{"line":113,"column":73},"skip":true},{"start":{"line":113,"column":77},"end":{"line":126,"column":9},"skip":true}]},"12":{"line":128,"type":"binary-expr","locations":[{"start":{"line":128,"column":48},"end":{"line":128,"column":85},"skip":true},{"start":{"line":129,"column":12},"end":{"line":135,"column":13},"skip":true}]},"13":{"line":137,"type":"binary-expr","locations":[{"start":{"line":137,"column":42},"end":{"line":137,"column":73},"skip":true},{"start":{"line":137,"column":77},"end":{"line":146,"column":9},"skip":true}]},"14":{"line":148,"type":"binary-expr","locations":[{"start":{"line":148,"column":45},"end":{"line":148,"column":79},"skip":true},{"start":{"line":148,"column":83},"end":{"line":157,"column":9},"skip":true}]},"15":{"line":159,"type":"binary-expr","locations":[{"start":{"line":159,"column":43},"end":{"line":159,"column":75},"skip":true},{"start":{"line":159,"column":79},"end":{"line":168,"column":9},"skip":true}]},"16":{"line":170,"type":"binary-expr","locations":[{"start":{"line":170,"column":41},"end":{"line":170,"column":71},"skip":true},{"start":{"line":170,"column":75},"end":{"line":179,"column":9},"skip":true}]}},"code":["/* istanbul instrument in package npmtest_awesome_typescript_loader */","/*jslint","    bitwise: true,","    browser: true,","    maxerr: 8,","    maxlen: 96,","    node: true,","    nomen: true,","    regexp: true,","    stupid: true","*/","(function () {","    'use strict';","    var local;","","","","    // run shared js-env code - pre-init","    (function () {","        // init local","        local = {};","        // init modeJs","        local.modeJs = (function () {","            try {","                return typeof navigator.userAgent === 'string' &&","                    typeof document.querySelector('body') === 'object' &&","                    typeof XMLHttpRequest.prototype.open === 'function' &&","                    'browser';","            } catch (errorCaughtBrowser) {","                return module.exports &&","                    typeof process.versions.node === 'string' &&","                    typeof require('http').createServer === 'function' &&","                    'node';","            }","        }());","        // init global","        local.global = local.modeJs === 'browser'","            ? window","            : global;","        switch (local.modeJs) {","        // re-init local from window.local","        case 'browser':","            local = local.global.utility2.objectSetDefault(","                local.global.utility2_rollup || local.global.local,","                local.global.utility2","            );","            break;","        // re-init local from example.js","        case 'node':","            local = (local.global.utility2_rollup || require('utility2'))","                .requireExampleJsFromReadme();","            break;","        }","        // export local","        local.global.local = local;","    }());","","","","    // run shared js-env code - function","    (function () {","        return;","    }());","    switch (local.modeJs) {","","","","    // run browser js-env code - function","    case 'browser':","        break;","","","","    // run node js-env code - function","    case 'node':","        break;","    }","","","","    // run shared js-env code - post-init","    (function () {","        return;","    }());","    switch (local.modeJs) {","","","","    // run browser js-env code - post-init","    case 'browser':","        // run tests","        local.nop(local.modeTest &&","            document.querySelector('#testRunButton1') &&","            document.querySelector('#testRunButton1').click());","        break;","","","","    // run node js-env code - post-init","    /* istanbul ignore next */","    case 'node':","        local.testCase_buildApidoc_default = local.testCase_buildApidoc_default || function (","            options,","            onError","        ) {","        /*","         * this function will test buildApidoc's default handling-behavior-behavior","         */","            options = { modulePathList: module.paths };","            local.buildApidoc(options, onError);","        };","","        local.testCase_buildApp_default = local.testCase_buildApp_default || function (","            options,","            onError","        ) {","        /*","         * this function will test buildApp's default handling-behavior-behavior","         */","            local.testCase_buildReadme_default(options, local.onErrorThrow);","            local.testCase_buildLib_default(options, local.onErrorThrow);","            local.testCase_buildTest_default(options, local.onErrorThrow);","            local.testCase_buildCustomOrg_default(options, local.onErrorThrow);","            options = [];","            local.buildApp(options, onError);","        };","","        local.testCase_buildCustomOrg_default = local.testCase_buildCustomOrg_default ||","            function (options, onError) {","            /*","             * this function will test buildCustomOrg's default handling-behavior","             */","                options = {};","                local.buildCustomOrg(options, onError);","            };","","        local.testCase_buildLib_default = local.testCase_buildLib_default || function (","            options,","            onError","        ) {","        /*","         * this function will test buildLib's default handling-behavior","         */","            options = {};","            local.buildLib(options, onError);","        };","","        local.testCase_buildReadme_default = local.testCase_buildReadme_default || function (","            options,","            onError","        ) {","        /*","         * this function will test buildReadme's default handling-behavior-behavior","         */","            options = {};","            local.buildReadme(options, onError);","        };","","        local.testCase_buildTest_default = local.testCase_buildTest_default || function (","            options,","            onError","        ) {","        /*","         * this function will test buildTest's default handling-behavior","         */","            options = {};","            local.buildTest(options, onError);","        };","","        local.testCase_webpage_default = local.testCase_webpage_default || function (","            options,","            onError","        ) {","        /*","         * this function will test webpage's default handling-behavior","         */","            options = { modeCoverageMerge: true, url: local.serverLocalHost + '?modeTest=1' };","            local.browserTest(options, onError);","        };","","        // run test-server","        local.testRunServer(local);","        break;","    }","}());",""],"l":{"12":2,"14":2,"19":2,"21":2,"23":2,"24":2,"25":2,"30":1,"37":2,"40":2,"43":1,"47":1,"50":1,"52":1,"55":2,"61":2,"62":2,"64":2,"70":1,"76":1,"82":2,"83":2,"85":2,"92":1,"95":1,"102":1,"109":1,"110":1,"113":1,"120":1,"121":1,"122":1,"123":1,"124":1,"125":1,"128":1,"133":2,"134":2,"137":1,"144":2,"145":2,"148":1,"155":2,"156":2,"159":1,"166":2,"167":2,"170":1,"177":1,"178":1,"182":1,"183":1}},"/home/travis/build/npmtest/node-npmtest-awesome-typescript-loader/lib.npmtest_awesome_typescript_loader.js":{"path":"/home/travis/build/npmtest/node-npmtest-awesome-typescript-loader/lib.npmtest_awesome_typescript_loader.js","s":{"1":2,"2":2,"3":2,"4":2,"5":2,"6":2,"7":2,"8":1,"9":2,"10":2,"11":2,"12":2,"13":1,"14":1,"15":1,"16":1},"b":{"1":[2,1,1,1],"2":[1,1,1,1],"3":[1,1],"4":[2,2],"5":[1,1]},"f":{"1":2,"2":2,"3":2},"fnMap":{"1":{"name":"(anonymous_1)","line":12,"loc":{"start":{"line":12,"column":1},"end":{"line":12,"column":13}}},"2":{"name":"(anonymous_2)","line":19,"loc":{"start":{"line":19,"column":5},"end":{"line":19,"column":17}}},"3":{"name":"(anonymous_3)","line":23,"loc":{"start":{"line":23,"column":24},"end":{"line":23,"column":36}}}},"statementMap":{"1":{"start":{"line":12,"column":0},"end":{"line":53,"column":5}},"2":{"start":{"line":14,"column":4},"end":{"line":14,"column":14}},"3":{"start":{"line":19,"column":4},"end":{"line":52,"column":9}},"4":{"start":{"line":21,"column":8},"end":{"line":21,"column":19}},"5":{"start":{"line":23,"column":8},"end":{"line":35,"column":13}},"6":{"start":{"line":24,"column":12},"end":{"line":34,"column":13}},"7":{"start":{"line":25,"column":16},"end":{"line":28,"column":30}},"8":{"start":{"line":30,"column":16},"end":{"line":33,"column":27}},"9":{"start":{"line":37,"column":8},"end":{"line":39,"column":21}},"10":{"start":{"line":41,"column":8},"end":{"line":41,"column":54}},"11":{"start":{"line":43,"column":8},"end":{"line":43,"column":70}},"12":{"start":{"line":45,"column":8},"end":{"line":51,"column":9}},"13":{"start":{"line":46,"column":12},"end":{"line":46,"column":76}},"14":{"start":{"line":48,"column":12},"end":{"line":48,"column":35}},"15":{"start":{"line":49,"column":12},"end":{"line":49,"column":49}},"16":{"start":{"line":50,"column":12},"end":{"line":50,"column":43}}},"branchMap":{"1":{"line":25,"type":"binary-expr","locations":[{"start":{"line":25,"column":23},"end":{"line":25,"column":62}},{"start":{"line":26,"column":20},"end":{"line":26,"column":70}},{"start":{"line":27,"column":20},"end":{"line":27,"column":71}},{"start":{"line":28,"column":20},"end":{"line":28,"column":29}}]},"2":{"line":30,"type":"binary-expr","locations":[{"start":{"line":30,"column":23},"end":{"line":30,"column":37}},{"start":{"line":31,"column":20},"end":{"line":31,"column":61}},{"start":{"line":32,"column":20},"end":{"line":32,"column":70}},{"start":{"line":33,"column":20},"end":{"line":33,"column":26}}]},"3":{"line":37,"type":"cond-expr","locations":[{"start":{"line":38,"column":14},"end":{"line":38,"column":20}},{"start":{"line":39,"column":14},"end":{"line":39,"column":20}}]},"4":{"line":41,"type":"binary-expr","locations":[{"start":{"line":41,"column":16},"end":{"line":41,"column":44}},{"start":{"line":41,"column":48},"end":{"line":41,"column":53}}]},"5":{"line":45,"type":"if","locations":[{"start":{"line":45,"column":8},"end":{"line":45,"column":8}},{"start":{"line":45,"column":8},"end":{"line":45,"column":8}}]}},"code":["/* istanbul instrument in package npmtest_awesome_typescript_loader */","/*jslint","    bitwise: true,","    browser: true,","    maxerr: 8,","    maxlen: 96,","    node: true,","    nomen: true,","    regexp: true,","    stupid: true","*/","(function () {","    'use strict';","    var local;","","","","    // run shared js-env code - pre-init","    (function () {","        // init local","        local = {};","        // init modeJs","        local.modeJs = (function () {","            try {","                return typeof navigator.userAgent === 'string' &&","                    typeof document.querySelector('body') === 'object' &&","                    typeof XMLHttpRequest.prototype.open === 'function' &&","                    'browser';","            } catch (errorCaughtBrowser) {","                return module.exports &&","                    typeof process.versions.node === 'string' &&","                    typeof require('http').createServer === 'function' &&","                    'node';","            }","        }());","        // init global","        local.global = local.modeJs === 'browser'","            ? window","            : global;","        // init utility2_rollup","        local = local.global.utility2_rollup || local;","        // init lib","        local.local = local.npmtest_awesome_typescript_loader = local;","        // init exports","        if (local.modeJs === 'browser') {","            local.global.utility2_npmtest_awesome_typescript_loader = local;","        } else {","            module.exports = local;","            module.exports.__dirname = __dirname;","            module.exports.module = module;","        }","    }());","}());",""],"l":{"12":2,"14":2,"19":2,"21":2,"23":2,"24":2,"25":2,"30":1,"37":2,"41":2,"43":2,"45":2,"46":1,"48":1,"49":1,"50":1}},"/home/travis/build/npmtest/node-npmtest-awesome-typescript-loader/example.js":{"path":"/home/travis/build/npmtest/node-npmtest-awesome-typescript-loader/example.js","s":{"1":2,"2":2,"3":2,"4":2,"5":2,"6":2,"7":2,"8":1,"9":2,"10":2,"11":2,"12":2,"13":1,"14":2,"15":2,"16":2,"17":2,"18":2,"19":0,"20":2,"21":1,"22":1,"23":1,"24":1,"25":1,"26":0,"27":0,"28":1,"29":1,"30":2,"31":0,"32":0,"33":0,"34":1,"35":2,"36":2,"37":2,"38":2,"39":2,"40":2,"41":0,"42":2,"43":2,"44":2,"45":1,"46":3,"47":1,"48":1,"49":1,"50":1,"51":1,"52":1,"53":1,"54":1,"55":1,"56":1,"57":0,"58":1,"59":6,"60":6,"61":1,"62":2,"63":0,"64":2,"65":1,"66":1,"67":0,"68":0,"69":0,"70":0,"71":0,"72":0,"73":0,"74":0,"75":0,"76":0,"77":0,"78":0,"79":0,"80":0,"81":0,"82":0,"83":0},"b":{"1":[2,1,1,1],"2":[1,1,1,1],"3":[1,1],"4":[2,2],"5":[1,1],"6":[1,1],"7":[2,0],"8":[2,1,1,1,1,1],"9":[0,2,0],"10":[1,1],"11":[2,1,1],"12":[1,0],"13":[0,2],"14":[2,0,0,0,0,0,0],"15":[0,2],"16":[2,0],"17":[1,1],"18":[0,1],"19":[1,2,0,2],"20":[1,0],"21":[1,1],"22":[0,0],"23":[0,0],"24":[0,0],"25":[0,0],"26":[0,0],"27":[0,0],"28":[0,0]},"f":{"1":2,"2":2,"3":2,"4":2,"5":2,"6":2,"7":2,"8":2,"9":3,"10":1,"11":6,"12":0},"fnMap":{"1":{"name":"(anonymous_1)","line":26,"loc":{"start":{"line":26,"column":1},"end":{"line":26,"column":13}}},"2":{"name":"(anonymous_2)","line":33,"loc":{"start":{"line":33,"column":5},"end":{"line":33,"column":17}}},"3":{"name":"(anonymous_3)","line":37,"loc":{"start":{"line":37,"column":24},"end":{"line":37,"column":36}}},"4":{"name":"(anonymous_4)","line":69,"loc":{"start":{"line":69,"column":31},"end":{"line":69,"column":48}},"skip":true},"5":{"name":"(anonymous_5)","line":78,"loc":{"start":{"line":78,"column":26},"end":{"line":78,"column":45}},"skip":true},"6":{"name":"(anonymous_6)","line":123,"loc":{"start":{"line":123,"column":33},"end":{"line":123,"column":48}},"skip":true},"7":{"name":"(anonymous_7)","line":125,"loc":{"start":{"line":125,"column":27},"end":{"line":125,"column":39}},"skip":true},"8":{"name":"(anonymous_8)","line":133,"loc":{"start":{"line":133,"column":59},"end":{"line":133,"column":74}},"skip":true},"9":{"name":"(anonymous_9)","line":143,"loc":{"start":{"line":143,"column":45},"end":{"line":143,"column":62}},"skip":true},"10":{"name":"(anonymous_10)","line":144,"loc":{"start":{"line":144,"column":73},"end":{"line":144,"column":92}},"skip":true},"11":{"name":"(anonymous_11)","line":272,"loc":{"start":{"line":272,"column":51},"end":{"line":272,"column":77}},"skip":true},"12":{"name":"(anonymous_12)","line":314,"loc":{"start":{"line":314,"column":32},"end":{"line":314,"column":61}},"skip":true}},"statementMap":{"1":{"start":{"line":26,"column":0},"end":{"line":325,"column":5}},"2":{"start":{"line":28,"column":4},"end":{"line":28,"column":14}},"3":{"start":{"line":33,"column":4},"end":{"line":60,"column":9}},"4":{"start":{"line":35,"column":8},"end":{"line":35,"column":19}},"5":{"start":{"line":37,"column":8},"end":{"line":49,"column":13}},"6":{"start":{"line":38,"column":12},"end":{"line":48,"column":13}},"7":{"start":{"line":39,"column":16},"end":{"line":42,"column":30}},"8":{"start":{"line":44,"column":16},"end":{"line":47,"column":27}},"9":{"start":{"line":51,"column":8},"end":{"line":53,"column":21}},"10":{"start":{"line":55,"column":8},"end":{"line":57,"column":45}},"11":{"start":{"line":59,"column":8},"end":{"line":59,"column":35}},"12":{"start":{"line":61,"column":4},"end":{"line":324,"column":5}},"13":{"start":{"line":69,"column":8},"end":{"line":121,"column":10},"skip":true},"14":{"start":{"line":70,"column":12},"end":{"line":88,"column":13},"skip":true},"15":{"start":{"line":76,"column":16},"end":{"line":87,"column":19},"skip":true},"16":{"start":{"line":79,"column":20},"end":{"line":86,"column":21},"skip":true},"17":{"start":{"line":82,"column":24},"end":{"line":82,"column":43},"skip":true},"18":{"start":{"line":83,"column":24},"end":{"line":83,"column":30},"skip":true},"19":{"start":{"line":85,"column":24},"end":{"line":85,"column":49},"skip":true},"20":{"start":{"line":89,"column":12},"end":{"line":107,"column":13},"skip":true},"21":{"start":{"line":92,"column":16},"end":{"line":102,"column":17},"skip":true},"22":{"start":{"line":93,"column":20},"end":{"line":93,"column":86},"skip":true},"23":{"start":{"line":94,"column":20},"end":{"line":95,"column":45},"skip":true},"24":{"start":{"line":96,"column":20},"end":{"line":96,"column":42},"skip":true},"25":{"start":{"line":97,"column":20},"end":{"line":97,"column":48},"skip":true},"26":{"start":{"line":100,"column":20},"end":{"line":100,"column":85},"skip":true},"27":{"start":{"line":101,"column":20},"end":{"line":101,"column":96},"skip":true},"28":{"start":{"line":103,"column":16},"end":{"line":103,"column":22},"skip":true},"29":{"start":{"line":106,"column":16},"end":{"line":106,"column":22},"skip":true},"30":{"start":{"line":108,"column":12},"end":{"line":120,"column":13},"skip":true},"31":{"start":{"line":114,"column":16},"end":{"line":119,"column":17},"skip":true},"32":{"start":{"line":116,"column":20},"end":{"line":116,"column":78},"skip":true},"33":{"start":{"line":118,"column":20},"end":{"line":118,"column":47},"skip":true},"34":{"start":{"line":123,"column":8},"end":{"line":141,"column":11},"skip":true},"35":{"start":{"line":124,"column":12},"end":{"line":124,"column":54},"skip":true},"36":{"start":{"line":125,"column":12},"end":{"line":140,"column":14},"skip":true},"37":{"start":{"line":126,"column":16},"end":{"line":126,"column":28},"skip":true},"38":{"start":{"line":127,"column":16},"end":{"line":127,"column":69},"skip":true},"39":{"start":{"line":128,"column":16},"end":{"line":128,"column":75},"skip":true},"40":{"start":{"line":129,"column":16},"end":{"line":131,"column":17},"skip":true},"41":{"start":{"line":130,"column":20},"end":{"line":130,"column":27},"skip":true},"42":{"start":{"line":133,"column":16},"end":{"line":137,"column":36},"skip":true},"43":{"start":{"line":134,"column":20},"end":{"line":136,"column":55},"skip":true},"44":{"start":{"line":139,"column":16},"end":{"line":139,"column":57},"skip":true},"45":{"start":{"line":143,"column":8},"end":{"line":147,"column":11},"skip":true},"46":{"start":{"line":144,"column":12},"end":{"line":146,"column":15},"skip":true},"47":{"start":{"line":145,"column":16},"end":{"line":145,"column":70},"skip":true},"48":{"start":{"line":149,"column":8},"end":{"line":149,"column":31},"skip":true},"49":{"start":{"line":150,"column":8},"end":{"line":150,"column":14},"skip":true},"50":{"start":{"line":158,"column":8},"end":{"line":158,"column":31},"skip":true},"51":{"start":{"line":160,"column":8},"end":{"line":160,"column":33},"skip":true},"52":{"start":{"line":161,"column":8},"end":{"line":161,"column":37},"skip":true},"53":{"start":{"line":162,"column":8},"end":{"line":162,"column":35},"skip":true},"54":{"start":{"line":164,"column":8},"end":{"line":164,"column":50},"skip":true},"55":{"start":{"line":166,"column":8},"end":{"line":256,"column":2},"skip":true},"56":{"start":{"line":258,"column":8},"end":{"line":286,"column":9},"skip":true},"57":{"start":{"line":259,"column":12},"end":{"line":269,"column":14},"skip":true},"58":{"start":{"line":271,"column":12},"end":{"line":285,"column":19},"skip":true},"59":{"start":{"line":274,"column":20},"end":{"line":274,"column":35},"skip":true},"60":{"start":{"line":275,"column":20},"end":{"line":284,"column":21},"skip":true},"61":{"start":{"line":277,"column":24},"end":{"line":277,"column":64},"skip":true},"62":{"start":{"line":279,"column":24},"end":{"line":279,"column":40},"skip":true},"63":{"start":{"line":281,"column":24},"end":{"line":281,"column":40},"skip":true},"64":{"start":{"line":283,"column":24},"end":{"line":283,"column":39},"skip":true},"65":{"start":{"line":288,"column":8},"end":{"line":290,"column":9},"skip":true},"66":{"start":{"line":289,"column":12},"end":{"line":289,"column":18},"skip":true},"67":{"start":{"line":291,"column":8},"end":{"line":293,"column":54},"skip":true},"68":{"start":{"line":294,"column":8},"end":{"line":301,"column":37},"skip":true},"69":{"start":{"line":302,"column":8},"end":{"line":302,"column":82},"skip":true},"70":{"start":{"line":305,"column":8},"end":{"line":307,"column":9},"skip":true},"71":{"start":{"line":306,"column":12},"end":{"line":306,"column":82},"skip":true},"72":{"start":{"line":309,"column":8},"end":{"line":311,"column":9},"skip":true},"73":{"start":{"line":310,"column":12},"end":{"line":310,"column":18},"skip":true},"74":{"start":{"line":312,"column":8},"end":{"line":312,"column":54},"skip":true},"75":{"start":{"line":313,"column":8},"end":{"line":313,"column":69},"skip":true},"76":{"start":{"line":314,"column":8},"end":{"line":322,"column":36},"skip":true},"77":{"start":{"line":315,"column":12},"end":{"line":315,"column":61},"skip":true},"78":{"start":{"line":316,"column":12},"end":{"line":319,"column":13},"skip":true},"79":{"start":{"line":317,"column":16},"end":{"line":317,"column":75},"skip":true},"80":{"start":{"line":318,"column":16},"end":{"line":318,"column":23},"skip":true},"81":{"start":{"line":320,"column":12},"end":{"line":320,"column":38},"skip":true},"82":{"start":{"line":321,"column":12},"end":{"line":321,"column":27},"skip":true},"83":{"start":{"line":323,"column":8},"end":{"line":323,"column":14},"skip":true}},"branchMap":{"1":{"line":39,"type":"binary-expr","locations":[{"start":{"line":39,"column":23},"end":{"line":39,"column":62}},{"start":{"line":40,"column":20},"end":{"line":40,"column":70}},{"start":{"line":41,"column":20},"end":{"line":41,"column":71}},{"start":{"line":42,"column":20},"end":{"line":42,"column":29}}]},"2":{"line":44,"type":"binary-expr","locations":[{"start":{"line":44,"column":23},"end":{"line":44,"column":37}},{"start":{"line":45,"column":20},"end":{"line":45,"column":61}},{"start":{"line":46,"column":20},"end":{"line":46,"column":70}},{"start":{"line":47,"column":20},"end":{"line":47,"column":26}}]},"3":{"line":51,"type":"cond-expr","locations":[{"start":{"line":52,"column":14},"end":{"line":52,"column":20}},{"start":{"line":53,"column":14},"end":{"line":53,"column":20}}]},"4":{"line":55,"type":"binary-expr","locations":[{"start":{"line":55,"column":16},"end":{"line":55,"column":44}},{"start":{"line":55,"column":49},"end":{"line":57,"column":43}}]},"5":{"line":55,"type":"cond-expr","locations":[{"start":{"line":56,"column":14},"end":{"line":56,"column":69}},{"start":{"line":57,"column":14},"end":{"line":57,"column":43}}]},"6":{"line":61,"type":"switch","locations":[{"start":{"line":68,"column":4},"end":{"line":150,"column":14},"skip":true},{"start":{"line":156,"column":4},"end":{"line":323,"column":14},"skip":true}]},"7":{"line":70,"type":"if","locations":[{"start":{"line":70,"column":12},"end":{"line":70,"column":12},"skip":true},{"start":{"line":70,"column":12},"end":{"line":70,"column":12},"skip":true}]},"8":{"line":70,"type":"binary-expr","locations":[{"start":{"line":70,"column":16},"end":{"line":70,"column":22},"skip":true},{"start":{"line":70,"column":27},"end":{"line":70,"column":32},"skip":true},{"start":{"line":71,"column":20},"end":{"line":71,"column":39},"skip":true},{"start":{"line":72,"column":20},"end":{"line":72,"column":49},"skip":true},{"start":{"line":73,"column":20},"end":{"line":73,"column":58},"skip":true},{"start":{"line":74,"column":20},"end":{"line":74,"column":69},"skip":true}]},"9":{"line":79,"type":"switch","locations":[{"start":{"line":80,"column":20},"end":{"line":80,"column":33},"skip":true},{"start":{"line":81,"column":20},"end":{"line":83,"column":30},"skip":true},{"start":{"line":84,"column":20},"end":{"line":85,"column":49},"skip":true}]},"10":{"line":89,"type":"switch","locations":[{"start":{"line":90,"column":12},"end":{"line":103,"column":22},"skip":true},{"start":{"line":105,"column":12},"end":{"line":106,"column":22},"skip":true}]},"11":{"line":89,"type":"binary-expr","locations":[{"start":{"line":89,"column":20},"end":{"line":89,"column":25},"skip":true},{"start":{"line":89,"column":29},"end":{"line":89,"column":48},"skip":true},{"start":{"line":89,"column":52},"end":{"line":89,"column":74},"skip":true}]},"12":{"line":92,"type":"if","locations":[{"start":{"line":92,"column":16},"end":{"line":92,"column":16},"skip":true},{"start":{"line":92,"column":16},"end":{"line":92,"column":16},"skip":true}]},"13":{"line":108,"type":"if","locations":[{"start":{"line":108,"column":12},"end":{"line":108,"column":12},"skip":true},{"start":{"line":108,"column":12},"end":{"line":108,"column":12},"skip":true}]},"14":{"line":108,"type":"binary-expr","locations":[{"start":{"line":108,"column":16},"end":{"line":108,"column":61},"skip":true},{"start":{"line":108,"column":66},"end":{"line":108,"column":72},"skip":true},{"start":{"line":108,"column":77},"end":{"line":108,"column":82},"skip":true},{"start":{"line":109,"column":20},"end":{"line":109,"column":39},"skip":true},{"start":{"line":110,"column":20},"end":{"line":110,"column":49},"skip":true},{"start":{"line":111,"column":20},"end":{"line":111,"column":58},"skip":true},{"start":{"line":112,"column":20},"end":{"line":112,"column":68},"skip":true}]},"15":{"line":129,"type":"if","locations":[{"start":{"line":129,"column":16},"end":{"line":129,"column":16},"skip":true},{"start":{"line":129,"column":16},"end":{"line":129,"column":16},"skip":true}]},"16":{"line":134,"type":"cond-expr","locations":[{"start":{"line":135,"column":26},"end":{"line":135,"column":29},"skip":true},{"start":{"line":136,"column":26},"end":{"line":136,"column":54},"skip":true}]},"17":{"line":164,"type":"binary-expr","locations":[{"start":{"line":164,"column":27},"end":{"line":164,"column":43},"skip":true},{"start":{"line":164,"column":47},"end":{"line":164,"column":49},"skip":true}]},"18":{"line":258,"type":"if","locations":[{"start":{"line":258,"column":8},"end":{"line":258,"column":8},"skip":true},{"start":{"line":258,"column":8},"end":{"line":258,"column":8},"skip":true}]},"19":{"line":275,"type":"switch","locations":[{"start":{"line":276,"column":20},"end":{"line":277,"column":64},"skip":true},{"start":{"line":278,"column":20},"end":{"line":279,"column":40},"skip":true},{"start":{"line":280,"column":20},"end":{"line":281,"column":40},"skip":true},{"start":{"line":282,"column":20},"end":{"line":283,"column":39},"skip":true}]},"20":{"line":288,"type":"if","locations":[{"start":{"line":288,"column":8},"end":{"line":288,"column":8},"skip":true},{"start":{"line":288,"column":8},"end":{"line":288,"column":8},"skip":true}]},"21":{"line":288,"type":"binary-expr","locations":[{"start":{"line":288,"column":12},"end":{"line":288,"column":40},"skip":true},{"start":{"line":288,"column":44},"end":{"line":288,"column":67},"skip":true}]},"22":{"line":292,"type":"binary-expr","locations":[{"start":{"line":292,"column":12},"end":{"line":292,"column":50},"skip":true},{"start":{"line":293,"column":12},"end":{"line":293,"column":53},"skip":true}]},"23":{"line":295,"type":"binary-expr","locations":[{"start":{"line":295,"column":12},"end":{"line":295,"column":83},"skip":true},{"start":{"line":296,"column":12},"end":{"line":301,"column":36},"skip":true}]},"24":{"line":302,"type":"binary-expr","locations":[{"start":{"line":302,"column":43},"end":{"line":302,"column":75},"skip":true},{"start":{"line":302,"column":79},"end":{"line":302,"column":81},"skip":true}]},"25":{"line":305,"type":"if","locations":[{"start":{"line":305,"column":8},"end":{"line":305,"column":8},"skip":true},{"start":{"line":305,"column":8},"end":{"line":305,"column":8},"skip":true}]},"26":{"line":309,"type":"if","locations":[{"start":{"line":309,"column":8},"end":{"line":309,"column":8},"skip":true},{"start":{"line":309,"column":8},"end":{"line":309,"column":8},"skip":true}]},"27":{"line":312,"type":"binary-expr","locations":[{"start":{"line":312,"column":27},"end":{"line":312,"column":43},"skip":true},{"start":{"line":312,"column":47},"end":{"line":312,"column":53},"skip":true}]},"28":{"line":316,"type":"if","locations":[{"start":{"line":316,"column":12},"end":{"line":316,"column":12},"skip":true},{"start":{"line":316,"column":12},"end":{"line":316,"column":12},"skip":true}]}},"code":["/*","example.js","","quickstart example","","instruction","    1. save this script as example.js","    2. run the shell command:","        $ npm install npmtest-awesome-typescript-loader && PORT=8081 node example.js","    3. play with the browser-demo on http://127.0.0.1:8081","*/","","","","/* istanbul instrument in package npmtest_awesome_typescript_loader */","/*jslint","    bitwise: true,","    browser: true,","    maxerr: 8,","    maxlen: 96,","    node: true,","    nomen: true,","    regexp: true,","    stupid: true","*/","(function () {","    'use strict';","    var local;","","","","    // run shared js-env code - pre-init","    (function () {","        // init local","        local = {};","        // init modeJs","        local.modeJs = (function () {","            try {","                return typeof navigator.userAgent === 'string' &&","                    typeof document.querySelector('body') === 'object' &&","                    typeof XMLHttpRequest.prototype.open === 'function' &&","                    'browser';","            } catch (errorCaughtBrowser) {","                return module.exports &&","                    typeof process.versions.node === 'string' &&","                    typeof require('http').createServer === 'function' &&","                    'node';","            }","        }());","        // init global","        local.global = local.modeJs === 'browser'","            ? window","            : global;","        // init utility2_rollup","        local = local.global.utility2_rollup || (local.modeJs === 'browser'","            ? local.global.utility2_npmtest_awesome_typescript_loader","            : global.utility2_moduleExports);","        // export local","        local.global.local = local;","    }());","    switch (local.modeJs) {","","","","    // post-init","    // run browser js-env code - post-init","    /* istanbul ignore next */","    case 'browser':","        local.testRunBrowser = function (event) {","            if (!event || (event &&","                    event.currentTarget &&","                    event.currentTarget.className &&","                    event.currentTarget.className.includes &&","                    event.currentTarget.className.includes('onreset'))) {","                // reset output","                Array.from(","                    document.querySelectorAll('body > .resettable')","                ).forEach(function (element) {","                    switch (element.tagName) {","                    case 'INPUT':","                    case 'TEXTAREA':","                        element.value = '';","                        break;","                    default:","                        element.textContent = '';","                    }","                });","            }","            switch (event && event.currentTarget && event.currentTarget.id) {","            case 'testRunButton1':","                // show tests","                if (document.querySelector('#testReportDiv1').style.display === 'none') {","                    document.querySelector('#testReportDiv1').style.display = 'block';","                    document.querySelector('#testRunButton1').textContent =","                        'hide internal test';","                    local.modeTest = true;","                    local.testRunDefault(local);","                // hide tests","                } else {","                    document.querySelector('#testReportDiv1').style.display = 'none';","                    document.querySelector('#testRunButton1').textContent = 'run internal test';","                }","                break;","            // custom-case","            default:","                break;","            }","            if (document.querySelector('#inputTextareaEval1') && (!event || (event &&","                    event.currentTarget &&","                    event.currentTarget.className &&","                    event.currentTarget.className.includes &&","                    event.currentTarget.className.includes('oneval')))) {","                // try to eval input-code","                try {","                    /*jslint evil: true*/","                    eval(document.querySelector('#inputTextareaEval1').value);","                } catch (errorCaught) {","                    console.error(errorCaught);","                }","            }","        };","        // log stderr and stdout to #outputTextareaStdout1","        ['error', 'log'].forEach(function (key) {","            console[key + '_original'] = console[key];","            console[key] = function () {","                var element;","                console[key + '_original'].apply(console, arguments);","                element = document.querySelector('#outputTextareaStdout1');","                if (!element) {","                    return;","                }","                // append text to #outputTextareaStdout1","                element.value += Array.from(arguments).map(function (arg) {","                    return typeof arg === 'string'","                        ? arg","                        : JSON.stringify(arg, null, 4);","                }).join(' ') + '\\n';","                // scroll textarea to bottom","                element.scrollTop = element.scrollHeight;","            };","        });","        // init event-handling","        ['change', 'click', 'keyup'].forEach(function (event) {","            Array.from(document.querySelectorAll('.on' + event)).forEach(function (element) {","                element.addEventListener(event, local.testRunBrowser);","            });","        });","        // run tests","        local.testRunBrowser();","        break;","","","","    // run node js-env code - post-init","    /* istanbul ignore next */","    case 'node':","        // export local","        module.exports = local;","        // require modules","        local.fs = require('fs');","        local.http = require('http');","        local.url = require('url');","        // init assets","        local.assetsDict = local.assetsDict || {};","        /* jslint-ignore-begin */","        local.assetsDict['/assets.index.template.html'] = '\\","<!doctype html>\\n\\","<html lang=\"en\">\\n\\","<head>\\n\\","<meta charset=\"UTF-8\">\\n\\","<meta name=\"viewport\" content=\"width=device-width, initial-scale=1\">\\n\\","<title>{{env.npm_package_name}} (v{{env.npm_package_version}})</title>\\n\\","<style>\\n\\","/*csslint\\n\\","    box-sizing: false,\\n\\","    universal-selector: false\\n\\","*/\\n\\","* {\\n\\","    box-sizing: border-box;\\n\\","}\\n\\","body {\\n\\","    background: #dde;\\n\\","    font-family: Arial, Helvetica, sans-serif;\\n\\","    margin: 2rem;\\n\\","}\\n\\","body > * {\\n\\","    margin-bottom: 1rem;\\n\\","}\\n\\",".utility2FooterDiv {\\n\\","    margin-top: 20px;\\n\\","    text-align: center;\\n\\","}\\n\\","</style>\\n\\","<style>\\n\\","/*csslint\\n\\","*/\\n\\","textarea {\\n\\","    font-family: monospace;\\n\\","    height: 10rem;\\n\\","    width: 100%;\\n\\","}\\n\\","textarea[readonly] {\\n\\","    background: #ddd;\\n\\","}\\n\\","</style>\\n\\","</head>\\n\\","<body>\\n\\","<!-- utility2-comment\\n\\","<div id=\"ajaxProgressDiv1\" style=\"background: #d00; height: 2px; left: 0; margin: 0; padding: 0; position: fixed; top: 0; transition: background 0.5s, width 1.5s; width: 25%;\"></div>\\n\\","utility2-comment -->\\n\\","<h1>\\n\\","<!-- utility2-comment\\n\\","    <a\\n\\","        {{#if env.npm_package_homepage}}\\n\\","        href=\"{{env.npm_package_homepage}}\"\\n\\","        {{/if env.npm_package_homepage}}\\n\\","        target=\"_blank\"\\n\\","    >\\n\\","utility2-comment -->\\n\\","        {{env.npm_package_name}} (v{{env.npm_package_version}})\\n\\","<!-- utility2-comment\\n\\","    </a>\\n\\","utility2-comment -->\\n\\","</h1>\\n\\","<h3>{{env.npm_package_description}}</h3>\\n\\","<!-- utility2-comment\\n\\","<h4><a download href=\"assets.app.js\">download standalone app</a></h4>\\n\\","<button class=\"onclick onreset\" id=\"testRunButton1\">run internal test</button><br>\\n\\","<div id=\"testReportDiv1\" style=\"display: none;\"></div>\\n\\","utility2-comment -->\\n\\","\\n\\","\\n\\","\\n\\","<label>stderr and stdout</label>\\n\\","<textarea class=\"resettable\" id=\"outputTextareaStdout1\" readonly></textarea>\\n\\","<!-- utility2-comment\\n\\","{{#if isRollup}}\\n\\","<script src=\"assets.app.js\"></script>\\n\\","{{#unless isRollup}}\\n\\","utility2-comment -->\\n\\","<script src=\"assets.utility2.rollup.js\"></script>\\n\\","<script src=\"jsonp.utility2._stateInit?callback=window.utility2._stateInit\"></script>\\n\\","<script src=\"assets.npmtest_awesome_typescript_loader.rollup.js\"></script>\\n\\","<script src=\"assets.example.js\"></script>\\n\\","<script src=\"assets.test.js\"></script>\\n\\","<!-- utility2-comment\\n\\","{{/if isRollup}}\\n\\","utility2-comment -->\\n\\","<div class=\"utility2FooterDiv\">\\n\\","    [ this app was created with\\n\\","    <a href=\"https://github.com/kaizhu256/node-utility2\" target=\"_blank\">utility2</a>\\n\\","    ]\\n\\","</div>\\n\\","</body>\\n\\","</html>\\n\\","';","        /* jslint-ignore-end */","        if (local.templateRender) {","            local.assetsDict['/'] = local.templateRender(","                local.assetsDict['/assets.index.template.html'],","                {","                    env: local.objectSetDefault(local.env, {","                        npm_package_description: 'the greatest app in the world!',","                        npm_package_name: 'my-app',","                        npm_package_nameAlias: 'my_app',","                        npm_package_version: '0.0.1'","                    })","                }","            );","        } else {","            local.assetsDict['/'] = local.assetsDict['/assets.index.template.html']","                .replace((/\\{\\{env\\.(\\w+?)\\}\\}/g), function (match0, match1) {","                    // jslint-hack","                    String(match0);","                    switch (match1) {","                    case 'npm_package_description':","                        return 'the greatest app in the world!';","                    case 'npm_package_name':","                        return 'my-app';","                    case 'npm_package_nameAlias':","                        return 'my_app';","                    case 'npm_package_version':","                        return '0.0.1';","                    }","                });","        }","        // run the cli","        if (local.global.utility2_rollup || module !== require.main) {","            break;","        }","        local.assetsDict['/assets.example.js'] =","            local.assetsDict['/assets.example.js'] ||","            local.fs.readFileSync(__filename, 'utf8');","        local.assetsDict['/assets.npmtest_awesome_typescript_loader.rollup.js'] =","            local.assetsDict['/assets.npmtest_awesome_typescript_loader.rollup.js'] ||","            local.fs.readFileSync(","                // buildCustomOrg-hack","                local.npmtest_awesome_typescript_loader.__dirname +","                    '/lib.npmtest_awesome_typescript_loader.js',","                'utf8'","            ).replace((/^#!/), '//');","        local.assetsDict['/favicon.ico'] = local.assetsDict['/favicon.ico'] || '';","        // if $npm_config_timeout_exit exists,","        // then exit this process after $npm_config_timeout_exit ms","        if (Number(process.env.npm_config_timeout_exit)) {","            setTimeout(process.exit, Number(process.env.npm_config_timeout_exit));","        }","        // start server","        if (local.global.utility2_serverHttp1) {","            break;","        }","        process.env.PORT = process.env.PORT || '8081';","        console.error('server starting on port ' + process.env.PORT);","        local.http.createServer(function (request, response) {","            request.urlParsed = local.url.parse(request.url);","            if (local.assetsDict[request.urlParsed.pathname] !== undefined) {","                response.end(local.assetsDict[request.urlParsed.pathname]);","                return;","            }","            response.statusCode = 404;","            response.end();","        }).listen(process.env.PORT);","        break;","    }","}());",""],"l":{"26":2,"28":2,"33":2,"35":2,"37":2,"38":2,"39":2,"44":1,"51":2,"55":2,"59":2,"61":2,"69":1,"70":2,"76":2,"79":2,"82":2,"83":2,"85":1,"89":2,"92":1,"93":1,"94":1,"96":1,"97":1,"100":1,"101":1,"103":1,"106":1,"108":2,"114":1,"116":1,"118":1,"123":1,"124":2,"125":2,"126":2,"127":2,"128":2,"129":2,"130":1,"133":2,"134":2,"139":2,"143":1,"144":3,"145":1,"149":1,"150":1,"158":1,"160":1,"161":1,"162":1,"164":1,"166":1,"258":1,"259":1,"271":1,"274":6,"275":6,"277":1,"279":2,"281":1,"283":2,"288":1,"289":1,"291":1,"294":1,"302":1,"305":1,"306":1,"309":1,"310":1,"312":1,"313":1,"314":1,"315":1,"316":1,"317":1,"318":1,"320":1,"321":1,"323":1}},"/home/travis/build/npmtest/node-npmtest-awesome-typescript-loader/node_modules/awesome-typescript-loader/dist/entry.js":{"path":"/home/travis/build/npmtest/node-npmtest-awesome-typescript-loader/node_modules/awesome-typescript-loader/dist/entry.js","s":{"1":1,"2":1},"b":{},"f":{},"fnMap":{},"statementMap":{"1":{"start":{"line":1,"column":0},"end":{"line":1,"column":40}},"2":{"start":{"line":2,"column":0},"end":{"line":2,"column":36}}},"branchMap":{},"code":["require('source-map-support').install();","module.exports = require('./index');","//# sourceMappingURL=entry.js.map"],"l":{"1":1,"2":1}},"/home/travis/build/npmtest/node-npmtest-awesome-typescript-loader/node_modules/awesome-typescript-loader/dist/index.js":{"path":"/home/travis/build/npmtest/node-npmtest-awesome-typescript-loader/node_modules/awesome-typescript-loader/dist/index.js","s":{"1":1,"2":1,"3":1,"4":1,"5":1,"6":1,"7":1,"8":1,"9":1,"10":1,"11":1,"12":0,"13":0,"14":0,"15":0,"16":1,"17":1,"18":1,"19":1,"20":1,"21":0,"22":0,"23":0,"24":0,"25":0,"26":0,"27":0,"28":0,"29":0,"30":0,"31":0,"32":0,"33":0,"34":0,"35":0,"36":0,"37":0,"38":0,"39":0,"40":0,"41":0,"42":0,"43":0,"44":0,"45":0,"46":0,"47":0,"48":0,"49":0,"50":0,"51":0,"52":0,"53":0,"54":0,"55":0,"56":0,"57":0,"58":0,"59":1,"60":0,"61":0,"62":0,"63":0,"64":0,"65":0,"66":0,"67":0,"68":0,"69":0,"70":0,"71":0,"72":0,"73":0,"74":0,"75":0,"76":0,"77":0,"78":0,"79":0,"80":0,"81":0,"82":0,"83":0,"84":0,"85":0,"86":0,"87":0,"88":1},"b":{"1":[1,0],"2":[0,0],"3":[0,0],"4":[0,0,0],"5":[0,0],"6":[0,0],"7":[0,0],"8":[0,0],"9":[0,0],"10":[0,0],"11":[0,0],"12":[0,0],"13":[0,0],"14":[0,0],"15":[0,0],"16":[0,0],"17":[0,0],"18":[0,0],"19":[0,0]},"f":{"1":0,"2":1,"3":0,"4":0,"5":0,"6":0,"7":0,"8":0,"9":0,"10":0,"11":0,"12":0},"fnMap":{"1":{"name":"loader","line":12,"loc":{"start":{"line":12,"column":0},"end":{"line":12,"column":22}}},"2":{"name":"(anonymous_2)","line":21,"loc":{"start":{"line":21,"column":1},"end":{"line":21,"column":19}}},"3":{"name":"compiler","line":26,"loc":{"start":{"line":26,"column":0},"end":{"line":26,"column":32}}},"4":{"name":"(anonymous_4)","line":53,"loc":{"start":{"line":53,"column":16},"end":{"line":53,"column":34}}},"5":{"name":"(anonymous_5)","line":56,"loc":{"start":{"line":56,"column":37},"end":{"line":56,"column":49}}},"6":{"name":"(anonymous_6)","line":67,"loc":{"start":{"line":67,"column":59},"end":{"line":67,"column":77}}},"7":{"name":"(anonymous_7)","line":71,"loc":{"start":{"line":71,"column":14},"end":{"line":71,"column":28}}},"8":{"name":"(anonymous_8)","line":74,"loc":{"start":{"line":74,"column":32},"end":{"line":74,"column":47}}},"9":{"name":"(anonymous_9)","line":81,"loc":{"start":{"line":81,"column":14},"end":{"line":81,"column":28}}},"10":{"name":"(anonymous_10)","line":86,"loc":{"start":{"line":86,"column":15},"end":{"line":86,"column":28}}},"11":{"name":"transform","line":93,"loc":{"start":{"line":93,"column":0},"end":{"line":93,"column":54}}},"12":{"name":"(anonymous_12)","line":96,"loc":{"start":{"line":96,"column":59},"end":{"line":96,"column":73}}}},"statementMap":{"1":{"start":{"line":2,"column":0},"end":{"line":2,"column":26}},"2":{"start":{"line":3,"column":0},"end":{"line":3,"column":27}},"3":{"start":{"line":4,"column":0},"end":{"line":4,"column":23}},"4":{"start":{"line":5,"column":0},"end":{"line":5,"column":33}},"5":{"start":{"line":6,"column":0},"end":{"line":6,"column":35}},"6":{"start":{"line":7,"column":0},"end":{"line":7,"column":39}},"7":{"start":{"line":8,"column":0},"end":{"line":8,"column":47}},"8":{"start":{"line":9,"column":0},"end":{"line":9,"column":43}},"9":{"start":{"line":10,"column":0},"end":{"line":10,"column":42}},"10":{"start":{"line":11,"column":0},"end":{"line":11,"column":31}},"11":{"start":{"line":12,"column":0},"end":{"line":20,"column":1}},"12":{"start":{"line":13,"column":4},"end":{"line":19,"column":5}},"13":{"start":{"line":14,"column":8},"end":{"line":14,"column":45}},"14":{"start":{"line":17,"column":8},"end":{"line":17,"column":34}},"15":{"start":{"line":18,"column":8},"end":{"line":18,"column":16}},"16":{"start":{"line":21,"column":0},"end":{"line":24,"column":28}},"17":{"start":{"line":22,"column":4},"end":{"line":22,"column":59}},"18":{"start":{"line":23,"column":4},"end":{"line":23,"column":54}},"19":{"start":{"line":25,"column":0},"end":{"line":25,"column":29}},"20":{"start":{"line":26,"column":0},"end":{"line":92,"column":1}},"21":{"start":{"line":27,"column":4},"end":{"line":29,"column":5}},"22":{"start":{"line":28,"column":8},"end":{"line":28,"column":27}},"23":{"start":{"line":30,"column":4},"end":{"line":30,"column":68}},"24":{"start":{"line":31,"column":4},"end":{"line":31,"column":55}},"25":{"start":{"line":32,"column":4},"end":{"line":32,"column":62}},"26":{"start":{"line":33,"column":4},"end":{"line":33,"column":53}},"27":{"start":{"line":34,"column":4},"end":{"line":34,"column":97}},"28":{"start":{"line":35,"column":4},"end":{"line":35,"column":34}},"29":{"start":{"line":36,"column":4},"end":{"line":36,"column":55}},"30":{"start":{"line":37,"column":4},"end":{"line":37,"column":44}},"31":{"start":{"line":38,"column":4},"end":{"line":41,"column":5}},"32":{"start":{"line":39,"column":8},"end":{"line":39,"column":107}},"33":{"start":{"line":40,"column":8},"end":{"line":40,"column":34}},"34":{"start":{"line":42,"column":4},"end":{"line":42,"column":23}},"35":{"start":{"line":43,"column":4},"end":{"line":45,"column":5}},"36":{"start":{"line":44,"column":8},"end":{"line":44,"column":62}},"37":{"start":{"line":46,"column":4},"end":{"line":46,"column":30}},"38":{"start":{"line":47,"column":4},"end":{"line":69,"column":5}},"39":{"start":{"line":48,"column":8},"end":{"line":53,"column":82}},"40":{"start":{"line":53,"column":36},"end":{"line":53,"column":78}},"41":{"start":{"line":56,"column":8},"end":{"line":56,"column":105}},"42":{"start":{"line":56,"column":51},"end":{"line":56,"column":102}},"43":{"start":{"line":57,"column":8},"end":{"line":68,"column":9}},"44":{"start":{"line":58,"column":12},"end":{"line":64,"column":15}},"45":{"start":{"line":67,"column":12},"end":{"line":67,"column":126}},"46":{"start":{"line":67,"column":79},"end":{"line":67,"column":122}},"47":{"start":{"line":70,"column":4},"end":{"line":91,"column":7}},"48":{"start":{"line":72,"column":8},"end":{"line":72,"column":51}},"49":{"start":{"line":73,"column":8},"end":{"line":75,"column":9}},"50":{"start":{"line":74,"column":12},"end":{"line":74,"column":102}},"51":{"start":{"line":74,"column":49},"end":{"line":74,"column":98}},"52":{"start":{"line":76,"column":8},"end":{"line":78,"column":9}},"53":{"start":{"line":77,"column":12},"end":{"line":77,"column":56}},"54":{"start":{"line":79,"column":8},"end":{"line":79,"column":22}},"55":{"start":{"line":82,"column":8},"end":{"line":82,"column":41}},"56":{"start":{"line":83,"column":8},"end":{"line":83,"column":34}},"57":{"start":{"line":87,"column":8},"end":{"line":89,"column":23}},"58":{"start":{"line":90,"column":8},"end":{"line":90,"column":24}},"59":{"start":{"line":93,"column":0},"end":{"line":136,"column":1}},"60":{"start":{"line":94,"column":4},"end":{"line":94,"column":19}},"61":{"start":{"line":95,"column":4},"end":{"line":95,"column":31}},"62":{"start":{"line":96,"column":4},"end":{"line":135,"column":8}},"63":{"start":{"line":97,"column":8},"end":{"line":97,"column":55}},"64":{"start":{"line":98,"column":8},"end":{"line":98,"column":47}},"65":{"start":{"line":99,"column":8},"end":{"line":99,"column":37}},"66":{"start":{"line":100,"column":8},"end":{"line":100,"column":74}},"67":{"start":{"line":101,"column":8},"end":{"line":107,"column":9}},"68":{"start":{"line":102,"column":12},"end":{"line":102,"column":58}},"69":{"start":{"line":103,"column":12},"end":{"line":103,"column":55}},"70":{"start":{"line":104,"column":12},"end":{"line":104,"column":50}},"71":{"start":{"line":105,"column":12},"end":{"line":105,"column":52}},"72":{"start":{"line":106,"column":12},"end":{"line":106,"column":86}},"73":{"start":{"line":108,"column":8},"end":{"line":119,"column":9}},"74":{"start":{"line":109,"column":12},"end":{"line":114,"column":14}},"75":{"start":{"line":115,"column":12},"end":{"line":115,"column":96}},"76":{"start":{"line":116,"column":12},"end":{"line":116,"column":85}},"77":{"start":{"line":117,"column":12},"end":{"line":117,"column":42}},"78":{"start":{"line":118,"column":12},"end":{"line":118,"column":46}},"79":{"start":{"line":120,"column":8},"end":{"line":125,"column":9}},"80":{"start":{"line":121,"column":12},"end":{"line":121,"column":149}},"81":{"start":{"line":122,"column":12},"end":{"line":122,"column":51}},"82":{"start":{"line":123,"column":12},"end":{"line":123,"column":44}},"83":{"start":{"line":124,"column":12},"end":{"line":124,"column":52}},"84":{"start":{"line":126,"column":8},"end":{"line":129,"column":9}},"85":{"start":{"line":127,"column":12},"end":{"line":127,"column":67}},"86":{"start":{"line":128,"column":12},"end":{"line":128,"column":87}},"87":{"start":{"line":130,"column":8},"end":{"line":134,"column":10}},"88":{"start":{"line":137,"column":0},"end":{"line":137,"column":24}}},"branchMap":{"1":{"line":24,"type":"binary-expr","locations":[{"start":{"line":24,"column":3},"end":{"line":24,"column":9}},{"start":{"line":24,"column":14},"end":{"line":24,"column":25}}]},"2":{"line":27,"type":"if","locations":[{"start":{"line":27,"column":4},"end":{"line":27,"column":4}},{"start":{"line":27,"column":4},"end":{"line":27,"column":4}}]},"3":{"line":31,"type":"binary-expr","locations":[{"start":{"line":31,"column":17},"end":{"line":31,"column":47}},{"start":{"line":31,"column":51},"end":{"line":31,"column":53}}]},"4":{"line":32,"type":"binary-expr","locations":[{"start":{"line":32,"column":19},"end":{"line":32,"column":33}},{"start":{"line":32,"column":37},"end":{"line":32,"column":54}},{"start":{"line":32,"column":59},"end":{"line":32,"column":61}}]},"5":{"line":33,"type":"binary-expr","locations":[{"start":{"line":33,"column":23},"end":{"line":33,"column":37}},{"start":{"line":33,"column":41},"end":{"line":33,"column":52}}]},"6":{"line":38,"type":"if","locations":[{"start":{"line":38,"column":4},"end":{"line":38,"column":4}},{"start":{"line":38,"column":4},"end":{"line":38,"column":4}}]},"7":{"line":43,"type":"if","locations":[{"start":{"line":43,"column":4},"end":{"line":43,"column":4}},{"start":{"line":43,"column":4},"end":{"line":43,"column":4}}]},"8":{"line":47,"type":"if","locations":[{"start":{"line":47,"column":4},"end":{"line":47,"column":4}},{"start":{"line":47,"column":4},"end":{"line":47,"column":4}}]},"9":{"line":50,"type":"cond-expr","locations":[{"start":{"line":51,"column":18},"end":{"line":51,"column":48}},{"start":{"line":52,"column":18},"end":{"line":52,"column":22}}]},"10":{"line":57,"type":"if","locations":[{"start":{"line":57,"column":8},"end":{"line":57,"column":8}},{"start":{"line":57,"column":8},"end":{"line":57,"column":8}}]},"11":{"line":73,"type":"if","locations":[{"start":{"line":73,"column":8},"end":{"line":73,"column":8}},{"start":{"line":73,"column":8},"end":{"line":73,"column":8}}]},"12":{"line":73,"type":"binary-expr","locations":[{"start":{"line":73,"column":12},"end":{"line":73,"column":60}},{"start":{"line":73,"column":64},"end":{"line":73,"column":75}}]},"13":{"line":76,"type":"if","locations":[{"start":{"line":76,"column":8},"end":{"line":76,"column":8}},{"start":{"line":76,"column":8},"end":{"line":76,"column":8}}]},"14":{"line":87,"type":"cond-expr","locations":[{"start":{"line":88,"column":14},"end":{"line":88,"column":32}},{"start":{"line":89,"column":14},"end":{"line":89,"column":21}}]},"15":{"line":101,"type":"if","locations":[{"start":{"line":101,"column":8},"end":{"line":101,"column":8}},{"start":{"line":101,"column":8},"end":{"line":101,"column":8}}]},"16":{"line":108,"type":"if","locations":[{"start":{"line":108,"column":8},"end":{"line":108,"column":8}},{"start":{"line":108,"column":8},"end":{"line":108,"column":8}}]},"17":{"line":120,"type":"if","locations":[{"start":{"line":120,"column":8},"end":{"line":120,"column":8}},{"start":{"line":120,"column":8},"end":{"line":120,"column":8}}]},"18":{"line":121,"type":"binary-expr","locations":[{"start":{"line":121,"column":43},"end":{"line":121,"column":85}},{"start":{"line":121,"column":89},"end":{"line":121,"column":105}}]},"19":{"line":126,"type":"if","locations":[{"start":{"line":126,"column":8},"end":{"line":126,"column":8}},{"start":{"line":126,"column":8},"end":{"line":126,"column":8}}]}},"code":["\"use strict\";","var _ = require(\"lodash\");","var path = require(\"path\");","var fs = require(\"fs\");","var cache_1 = require(\"./cache\");","var helpers = require(\"./helpers\");","var instance_1 = require(\"./instance\");","var paths_plugin_1 = require(\"./paths-plugin\");","var watch_mode_1 = require(\"./watch-mode\");","var loaderUtils = require('loader-utils');","var mkdirp = require('mkdirp');","function loader(text) {","    try {","        compiler.call(undefined, this, text);","    }","    catch (e) {","        console.error(e, e.stack);","        throw e;","    }","}","(function (loader) {","    loader.TsConfigPathsPlugin = paths_plugin_1.PathPlugin;","    loader.CheckerPlugin = watch_mode_1.CheckerPlugin;","})(loader || (loader = {}));","var DECLARATION = /\\.d.ts$/i;","function compiler(loader, text) {","    if (loader.cacheable) {","        loader.cacheable();","    }","    var rootCompiler = instance_1.getRootCompiler(loader._compiler);","    var query = (loaderUtils.getOptions(loader) || {});","    var options = (loader.options && loader.options.ts) || {};","    var instanceName = query.instance || 'at-loader';","    var instance = instance_1.ensureInstance(loader, query, options, instanceName, rootCompiler);","    var callback = loader.async();","    var fileName = helpers.toUnix(loader.resourcePath);","    instance.compiledFiles[fileName] = true;","    if (DECLARATION.test(fileName)) {","        loader.emitWarning(\"[\" + instanceName + \"] TypeScript declaration files should never be required\");","        return callback(null, '');","    }","    var compiledModule;","    if (instance.loaderConfig.usePrecompiledFiles) {","        compiledModule = cache_1.findCompiledModule(fileName);","    }","    var transformation = null;","    if (compiledModule) {","        transformation = Promise.resolve({","            text: compiledModule.text,","            map: compiledModule.map","                ? JSON.parse(compiledModule.map)","                : null","        }).then(function (result) { return ({ cached: true, result: result }); });","    }","    else {","        var transformationFunction = function () { return transform(loader, instance, fileName, text); };","        if (instance.loaderConfig.useCache) {","            transformation = cache_1.cache({","                source: text,","                identifier: instance.cacheIdentifier,","                directory: instance.loaderConfig.cacheDirectory,","                options: loader.query,","                transform: transformationFunction","            });","        }","        else {","            transformation = transformationFunction().then(function (result) { return ({ cached: false, result: result }); });","        }","    }","    transformation","        .then(function (_a) {","        var cached = _a.cached, result = _a.result;","        if (!instance.compilerConfig.options.isolatedModules && result.deps) {","            result.deps.forEach(function (dep) { return loader.addDependency(path.normalize(dep)); });","        }","        if (cached) {","            instance.checker.updateFile(fileName, text);","        }","        return result;","    })","        .then(function (_a) {","        var text = _a.text, map = _a.map;","        callback(null, text, map);","    })","        .catch(callback)","        .catch(function (e) {","        console.error('Error in bail mode:', e, e.stack.join","            ? e.stack.join('\\n')","            : e.stack);","        process.exit(1);","    });","}","function transform(webpack, instance, fileName, text) {","    var resultText;","    var resultSourceMap = null;","    return instance.checker.emitFile(fileName, text).then((function (_a) {","        var emitResult = _a.emitResult, deps = _a.deps;","        resultSourceMap = emitResult.sourceMap;","        resultText = emitResult.text;","        var sourceFileName = fileName.replace(instance.context + '/', '');","        if (resultSourceMap) {","            resultSourceMap = JSON.parse(resultSourceMap);","            resultSourceMap.sources = [sourceFileName];","            resultSourceMap.file = sourceFileName;","            resultSourceMap.sourcesContent = [text];","            resultText = resultText.replace(/^\\/\\/# sourceMappingURL=[^\\r\\n]*/gm, '');","        }","        if (instance.loaderConfig.useBabel) {","            var defaultOptions = {","                inputSourceMap: resultSourceMap,","                sourceRoot: instance.context,","                filename: fileName,","                sourceMap: true","            };","            var babelOptions = _.assign({}, defaultOptions, instance.loaderConfig.babelOptions);","            var babelResult = instance.babelImpl.transform(resultText, babelOptions);","            resultText = babelResult.code;","            resultSourceMap = babelResult.map;","        }","        if (resultSourceMap) {","            var sourcePath = path.relative(instance.compilerConfig.options.sourceRoot || instance.context, loaderUtils.getRemainingRequest(webpack));","            resultSourceMap.sources = [sourcePath];","            resultSourceMap.file = fileName;","            resultSourceMap.sourcesContent = [text];","        }","        if (emitResult.declaration) {","            mkdirp.sync(path.dirname(emitResult.declaration.name));","            fs.writeFileSync(emitResult.declaration.name, emitResult.declaration.text);","        }","        return {","            text: resultText,","            map: resultSourceMap,","            deps: deps,","        };","    }));","}","module.exports = loader;","//# sourceMappingURL=index.js.map"],"l":{"2":1,"3":1,"4":1,"5":1,"6":1,"7":1,"8":1,"9":1,"10":1,"11":1,"12":1,"13":0,"14":0,"17":0,"18":0,"21":1,"22":1,"23":1,"25":1,"26":1,"27":0,"28":0,"30":0,"31":0,"32":0,"33":0,"34":0,"35":0,"36":0,"37":0,"38":0,"39":0,"40":0,"42":0,"43":0,"44":0,"46":0,"47":0,"48":0,"53":0,"56":0,"57":0,"58":0,"67":0,"70":0,"72":0,"73":0,"74":0,"76":0,"77":0,"79":0,"82":0,"83":0,"87":0,"90":0,"93":1,"94":0,"95":0,"96":0,"97":0,"98":0,"99":0,"100":0,"101":0,"102":0,"103":0,"104":0,"105":0,"106":0,"108":0,"109":0,"115":0,"116":0,"117":0,"118":0,"120":0,"121":0,"122":0,"123":0,"124":0,"126":0,"127":0,"128":0,"130":0,"137":1}},"/home/travis/build/npmtest/node-npmtest-awesome-typescript-loader/node_modules/awesome-typescript-loader/dist/cache.js":{"path":"/home/travis/build/npmtest/node-npmtest-awesome-typescript-loader/node_modules/awesome-typescript-loader/dist/cache.js","s":{"1":1,"2":1,"3":1,"4":1,"5":1,"6":1,"7":1,"8":0,"9":0,"10":0,"11":0,"12":0,"13":0,"14":0,"15":0,"16":1,"17":1,"18":0,"19":0,"20":0,"21":1,"22":0,"23":0,"24":0,"25":1,"26":0,"27":0,"28":0,"29":0,"30":1,"31":0,"32":0,"33":0,"34":0,"35":0,"36":0,"37":0,"38":0,"39":0,"40":0,"41":0,"42":1},"b":{"1":[0,0],"2":[0,0],"3":[0,0],"4":[0,0],"5":[0,0]},"f":{"1":0,"2":0,"3":0,"4":0,"5":0,"6":0},"fnMap":{"1":{"name":"findCompiledModule","line":8,"loc":{"start":{"line":8,"column":0},"end":{"line":8,"column":38}}},"2":{"name":"read","line":31,"loc":{"start":{"line":31,"column":0},"end":{"line":31,"column":24}}},"3":{"name":"write","line":36,"loc":{"start":{"line":36,"column":0},"end":{"line":36,"column":33}}},"4":{"name":"filename","line":41,"loc":{"start":{"line":41,"column":0},"end":{"line":41,"column":47}}},"5":{"name":"cache","line":52,"loc":{"start":{"line":52,"column":0},"end":{"line":52,"column":23}}},"6":{"name":"(anonymous_6)","line":65,"loc":{"start":{"line":65,"column":32},"end":{"line":65,"column":50}}}},"statementMap":{"1":{"start":{"line":2,"column":0},"end":{"line":2,"column":62}},"2":{"start":{"line":3,"column":0},"end":{"line":3,"column":23}},"3":{"start":{"line":4,"column":0},"end":{"line":4,"column":23}},"4":{"start":{"line":5,"column":0},"end":{"line":5,"column":27}},"5":{"start":{"line":6,"column":0},"end":{"line":6,"column":27}},"6":{"start":{"line":7,"column":0},"end":{"line":7,"column":33}},"7":{"start":{"line":8,"column":0},"end":{"line":29,"column":1}},"8":{"start":{"line":9,"column":4},"end":{"line":9,"column":61}},"9":{"start":{"line":10,"column":4},"end":{"line":10,"column":48}},"10":{"start":{"line":11,"column":4},"end":{"line":28,"column":5}},"11":{"start":{"line":12,"column":8},"end":{"line":12,"column":51}},"12":{"start":{"line":13,"column":8},"end":{"line":13,"column":53}},"13":{"start":{"line":14,"column":8},"end":{"line":23,"column":10}},"14":{"start":{"line":24,"column":8},"end":{"line":24,"column":22}},"15":{"start":{"line":27,"column":8},"end":{"line":27,"column":20}},"16":{"start":{"line":30,"column":0},"end":{"line":30,"column":48}},"17":{"start":{"line":31,"column":0},"end":{"line":35,"column":1}},"18":{"start":{"line":32,"column":4},"end":{"line":32,"column":44}},"19":{"start":{"line":33,"column":4},"end":{"line":33,"column":46}},"20":{"start":{"line":34,"column":4},"end":{"line":34,"column":45}},"21":{"start":{"line":36,"column":0},"end":{"line":40,"column":1}},"22":{"start":{"line":37,"column":4},"end":{"line":37,"column":44}},"23":{"start":{"line":38,"column":4},"end":{"line":38,"column":44}},"24":{"start":{"line":39,"column":4},"end":{"line":39,"column":47}},"25":{"start":{"line":41,"column":0},"end":{"line":50,"column":1}},"26":{"start":{"line":42,"column":4},"end":{"line":42,"column":45}},"27":{"start":{"line":43,"column":4},"end":{"line":47,"column":7}},"28":{"start":{"line":48,"column":4},"end":{"line":48,"column":23}},"29":{"start":{"line":49,"column":4},"end":{"line":49,"column":54}},"30":{"start":{"line":52,"column":0},"end":{"line":70,"column":1}},"31":{"start":{"line":53,"column":4},"end":{"line":53,"column":31}},"32":{"start":{"line":54,"column":4},"end":{"line":54,"column":39}},"33":{"start":{"line":55,"column":4},"end":{"line":55,"column":37}},"34":{"start":{"line":56,"column":4},"end":{"line":56,"column":39}},"35":{"start":{"line":57,"column":4},"end":{"line":59,"column":20}},"36":{"start":{"line":60,"column":4},"end":{"line":60,"column":75}},"37":{"start":{"line":61,"column":4},"end":{"line":69,"column":5}},"38":{"start":{"line":62,"column":8},"end":{"line":62,"column":69}},"39":{"start":{"line":65,"column":8},"end":{"line":68,"column":11}},"40":{"start":{"line":66,"column":12},"end":{"line":66,"column":32}},"41":{"start":{"line":67,"column":12},"end":{"line":67,"column":53}},"42":{"start":{"line":71,"column":0},"end":{"line":71,"column":22}}},"branchMap":{"1":{"line":11,"type":"if","locations":[{"start":{"line":11,"column":4},"end":{"line":11,"column":4}},{"start":{"line":11,"column":4},"end":{"line":11,"column":4}}]},"2":{"line":17,"type":"cond-expr","locations":[{"start":{"line":18,"column":18},"end":{"line":18,"column":29}},{"start":{"line":19,"column":18},"end":{"line":19,"column":22}}]},"3":{"line":20,"type":"cond-expr","locations":[{"start":{"line":21,"column":18},"end":{"line":21,"column":57}},{"start":{"line":22,"column":18},"end":{"line":22,"column":22}}]},"4":{"line":54,"type":"binary-expr","locations":[{"start":{"line":54,"column":18},"end":{"line":54,"column":32}},{"start":{"line":54,"column":36},"end":{"line":54,"column":38}}]},"5":{"line":57,"type":"cond-expr","locations":[{"start":{"line":58,"column":8},"end":{"line":58,"column":24}},{"start":{"line":59,"column":8},"end":{"line":59,"column":19}}]}},"code":["\"use strict\";","Object.defineProperty(exports, \"__esModule\", { value: true });","var fs = require(\"fs\");","var os = require(\"os\");","var path = require(\"path\");","var zlib = require(\"zlib\");","var crypto_1 = require(\"crypto\");","function findCompiledModule(fileName) {","    var baseFileName = fileName.replace(/(\\.ts|\\.tsx)$/, '');","    var compiledFileName = baseFileName + \".js\";","    if (fs.existsSync(compiledFileName)) {","        var mapFileName = baseFileName + \".js.map\";","        var isMapExists = fs.existsSync(mapFileName);","        var result = {","            fileName: compiledFileName,","            text: fs.readFileSync(compiledFileName).toString(),","            mapName: isMapExists","                ? mapFileName","                : null,","            map: isMapExists","                ? fs.readFileSync(mapFileName).toString()","                : null","        };","        return result;","    }","    else {","        return null;","    }","}","exports.findCompiledModule = findCompiledModule;","function read(filename) {","    var content = fs.readFileSync(filename);","    var jsonString = zlib.gunzipSync(content);","    return JSON.parse(jsonString.toString());","}","function write(filename, result) {","    var jsonString = JSON.stringify(result);","    var content = zlib.gzipSync(jsonString);","    return fs.writeFileSync(filename, content);","}","function filename(source, identifier, options) {","    var hash = crypto_1.createHash('sha512');","    var contents = JSON.stringify({","        identifier: identifier,","        options: options,","        source: source,","    });","    hash.end(contents);","    return hash.read().toString('hex') + '.json.gzip';","}",";","function cache(params) {","    var source = params.source;","    var options = params.options || {};","    var transform = params.transform;","    var identifier = params.identifier;","    var directory = (typeof params.directory === 'string') ?","        params.directory :","        os.tmpdir();","    var file = path.join(directory, filename(source, identifier, options));","    try {","        return Promise.resolve({ cached: true, result: read(file) });","    }","    catch (e) {","        return transform().then(function (result) {","            write(file, result);","            return { cached: false, result: result };","        });","    }","}","exports.cache = cache;","//# sourceMappingURL=cache.js.map"],"l":{"2":1,"3":1,"4":1,"5":1,"6":1,"7":1,"8":1,"9":0,"10":0,"11":0,"12":0,"13":0,"14":0,"24":0,"27":0,"30":1,"31":1,"32":0,"33":0,"34":0,"36":1,"37":0,"38":0,"39":0,"41":1,"42":0,"43":0,"48":0,"49":0,"52":1,"53":0,"54":0,"55":0,"56":0,"57":0,"60":0,"61":0,"62":0,"65":0,"66":0,"67":0,"71":1}},"/home/travis/build/npmtest/node-npmtest-awesome-typescript-loader/node_modules/awesome-typescript-loader/dist/helpers.js":{"path":"/home/travis/build/npmtest/node-npmtest-awesome-typescript-loader/node_modules/awesome-typescript-loader/dist/helpers.js","s":{"1":1,"2":1,"3":1,"4":1,"5":1,"6":0,"7":0,"8":0,"9":0,"10":1,"11":1,"12":0,"13":1,"14":0,"15":1,"16":0,"17":1,"18":0,"19":1,"20":0,"21":0,"22":0,"23":0,"24":0,"25":0,"26":0,"27":0,"28":0,"29":0,"30":0,"31":0,"32":0,"33":0,"34":0,"35":1,"36":1,"37":0,"38":0,"39":1,"40":1,"41":0,"42":0,"43":0,"44":0,"45":1,"46":1,"47":0,"48":0,"49":0,"50":0,"51":0,"52":0,"53":0,"54":0,"55":0,"56":0,"57":1,"58":1,"59":0,"60":1,"61":1,"62":0,"63":0,"64":0,"65":1,"66":1,"67":1,"68":0,"69":1},"b":{"1":[0,0,0],"2":[0,0,0],"3":[0,0],"4":[0,0],"5":[0,0],"6":[0,0],"7":[0,0],"8":[0,0],"9":[0,0],"10":[0,0],"11":[0,0]},"f":{"1":0,"2":0,"3":0,"4":0,"5":0,"6":0,"7":0,"8":0,"9":0,"10":0,"11":0,"12":0,"13":0},"fnMap":{"1":{"name":"toUnix","line":6,"loc":{"start":{"line":6,"column":0},"end":{"line":6,"column":26}}},"2":{"name":"withoutExt","line":14,"loc":{"start":{"line":14,"column":0},"end":{"line":14,"column":30}}},"3":{"name":"isFileEmit","line":17,"loc":{"start":{"line":17,"column":0},"end":{"line":17,"column":62}}},"4":{"name":"isSourceMapEmit","line":21,"loc":{"start":{"line":21,"column":0},"end":{"line":21,"column":67}}},"5":{"name":"isDeclarationEmit","line":25,"loc":{"start":{"line":25,"column":0},"end":{"line":25,"column":69}}},"6":{"name":"findResultFor","line":29,"loc":{"start":{"line":29,"column":0},"end":{"line":29,"column":41}}},"7":{"name":"codegenErrorReport","line":55,"loc":{"start":{"line":55,"column":0},"end":{"line":55,"column":36}}},"8":{"name":"(anonymous_8)","line":57,"loc":{"start":{"line":57,"column":13},"end":{"line":57,"column":30}}},"9":{"name":"formatError","line":63,"loc":{"start":{"line":63,"column":0},"end":{"line":63,"column":33}}},"10":{"name":"formatMessageChain","line":75,"loc":{"start":{"line":75,"column":0},"end":{"line":75,"column":35}}},"11":{"name":"formatLineChar","line":90,"loc":{"start":{"line":90,"column":0},"end":{"line":90,"column":34}}},"12":{"name":"loadLib","line":94,"loc":{"start":{"line":94,"column":0},"end":{"line":94,"column":27}}},"13":{"name":"withoutTypeScriptExtension","line":104,"loc":{"start":{"line":104,"column":0},"end":{"line":104,"column":46}}}},"statementMap":{"1":{"start":{"line":2,"column":0},"end":{"line":2,"column":62}},"2":{"start":{"line":3,"column":0},"end":{"line":3,"column":23}},"3":{"start":{"line":4,"column":0},"end":{"line":4,"column":27}},"4":{"start":{"line":5,"column":0},"end":{"line":5,"column":20}},"5":{"start":{"line":6,"column":0},"end":{"line":12,"column":1}},"6":{"start":{"line":7,"column":4},"end":{"line":7,"column":43}},"7":{"start":{"line":8,"column":4},"end":{"line":10,"column":5}},"8":{"start":{"line":9,"column":8},"end":{"line":9,"column":39}},"9":{"start":{"line":11,"column":4},"end":{"line":11,"column":15}},"10":{"start":{"line":13,"column":0},"end":{"line":13,"column":24}},"11":{"start":{"line":14,"column":0},"end":{"line":16,"column":1}},"12":{"start":{"line":15,"column":4},"end":{"line":15,"column":49}},"13":{"start":{"line":17,"column":0},"end":{"line":20,"column":1}},"14":{"start":{"line":18,"column":4},"end":{"line":19,"column":89}},"15":{"start":{"line":21,"column":0},"end":{"line":24,"column":1}},"16":{"start":{"line":22,"column":4},"end":{"line":23,"column":97}},"17":{"start":{"line":25,"column":0},"end":{"line":28,"column":1}},"18":{"start":{"line":26,"column":4},"end":{"line":27,"column":51}},"19":{"start":{"line":29,"column":0},"end":{"line":53,"column":1}},"20":{"start":{"line":30,"column":4},"end":{"line":30,"column":13}},"21":{"start":{"line":31,"column":4},"end":{"line":31,"column":18}},"22":{"start":{"line":32,"column":4},"end":{"line":32,"column":20}},"23":{"start":{"line":33,"column":4},"end":{"line":33,"column":36}},"24":{"start":{"line":34,"column":4},"end":{"line":47,"column":5}},"25":{"start":{"
[...]
":{"start":{"line":7,"column":0},"end":{"line":7,"column":42}}},"3":{"name":"(anonymous_3)","line":11,"loc":{"start":{"line":11,"column":19},"end":{"line":11,"column":36}}},"4":{"name":"(anonymous_4)","line":20,"loc":{"start":{"line":20,"column":27},"end":{"line":20,"column":39}}},"5":{"name":"(anonymous_5)","line":23,"loc":{"start":{"line":23,"column":19},"end":{"line":23,"column":34}}},"6":{"name":"(anonymous_6)","line":34,"loc":{"start":{"line":34,"column":19},"end":{"line":34,"column":34}}}},"statementMap":{"1":{"start":{"line":2,"column":0},"end":{"line":2,"column":62}},"2":{"start":{"line":3,"column":0},"end":{"line":3,"column":46}},"3":{"start":{"line":4,"column":0},"end":{"line":6,"column":4}},"4":{"start":{"line":4,"column":36},"end":{"line":6,"column":1}},"5":{"start":{"line":5,"column":4},"end":{"line":5,"column":25}},"6":{"start":{"line":7,"column":0},"end":{"line":39,"column":1}},"7":{"start":{"line":8,"column":4},"end":{"line":38,"column":5}},"8":{"start":{"line":9,"column":8},"end":{"line":9,"column":28}},"9":{"start":{"line":10,"column":8},"end":{"line":10,"column":32}},"10":{"start":{"line":11,"column":8},"end":{"line":19,"column":10}},"11":{"start":{"line":12,"column":12},"end":{"line":12,"column":30}},"12":{"start":{"line":13,"column":12},"end":{"line":18,"column":13}},"13":{"start":{"line":14,"column":16},"end":{"line":14,"column":43}},"14":{"start":{"line":17,"column":16},"end":{"line":17,"column":36}},"15":{"start":{"line":20,"column":8},"end":{"line":22,"column":10}},"16":{"start":{"line":21,"column":12},"end":{"line":21,"column":56}},"17":{"start":{"line":23,"column":8},"end":{"line":30,"column":10}},"18":{"start":{"line":24,"column":12},"end":{"line":24,"column":33}},"19":{"start":{"line":25,"column":12},"end":{"line":27,"column":13}},"20":{"start":{"line":26,"column":16},"end":{"line":26,"column":23}},"21":{"start":{"line":28,"column":12},"end":{"line":28,"column":31}},"22":{"start":{"line":29,"column":12},"end":{"line":29,"column":27}},"23":{"start":{"line":31,"column":8},"end":{"line":31,"column":30}},"24":{"start":{"line":34,"column":8},"end":{"line":36,"column":10}},"25":{"start":{"line":35,"column":12},"end":{"line":35,"column":47}},"26":{"start":{"line":37,"column":8},"end":{"line":37,"column":30}},"27":{"start":{"line":40,"column":0},"end":{"line":40,"column":48}}},"branchMap":{"1":{"line":4,"type":"if","locations":[{"start":{"line":4,"column":36},"end":{"line":4,"column":36}},{"start":{"line":4,"column":36},"end":{"line":4,"column":36}}]},"2":{"line":8,"type":"if","locations":[{"start":{"line":8,"column":4},"end":{"line":8,"column":4}},{"start":{"line":8,"column":4},"end":{"line":8,"column":4}}]},"3":{"line":13,"type":"if","locations":[{"start":{"line":13,"column":12},"end":{"line":13,"column":12}},{"start":{"line":13,"column":12},"end":{"line":13,"column":12}}]},"4":{"line":25,"type":"if","locations":[{"start":{"line":25,"column":12},"end":{"line":25,"column":12}},{"start":{"line":25,"column":12},"end":{"line":25,"column":12}}]}},"code":["\"use strict\";","Object.defineProperty(exports, \"__esModule\", { value: true });","var isWindows = /^win/.test(process.platform);","var logOnError = function (error) { if (error) {","    console.error(error);","} };","function createQueuedSender(childProcess) {","    if (isWindows) {","        var msgQueue_1 = [];","        var isSending_1 = false;","        var cb_1 = function (error) {","            logOnError(error);","            if (msgQueue_1.length > 0) {","                setImmediate(doSendLoop_1);","            }","            else {","                isSending_1 = false;","            }","        };","        var doSendLoop_1 = function () {","            childProcess.send(msgQueue_1.shift(), cb_1);","        };","        var send = function (msg) {","            msgQueue_1.push(msg);","            if (isSending_1) {","                return;","            }","            isSending_1 = true;","            doSendLoop_1();","        };","        return { send: send };","    }","    else {","        var send = function (msg) {","            childProcess.send(msg, logOnError);","        };","        return { send: send };","    }","}","exports.createQueuedSender = createQueuedSender;","//# sourceMappingURL=send.js.map"],"l":{"2":1,"3":1,"4":1,"5":0,"7":1,"8":0,"9":0,"10":0,"11":0,"12":0,"13":0,"14":0,"17":0,"20":0,"21":0,"23":0,"24":0,"25":0,"26":0,"28":0,"29":0,"31":0,"34":0,"35":0,"37":0,"40":1}},"/home/travis/build/npmtest/node-npmtest-awesome-typescript-loader/node_modules/awesome-typescript-loader/dist/watch-mode.js":{"path":"/home/travis/build/npmtest/node-npmtest-awesome-typescript-loader/node_modules/awesome-typescript-loader/dist/watch-mode.js","s":{"1":1,"2":1,"3":1,"4":1,"5":1,"6":0,"7":0,"8":0,"9":0,"10":0,"11":0,"12":1,"13":1},"b":{},"f":{"1":1,"2":0,"3":0,"4":0,"5":0},"fnMap":{"1":{"name":"(anonymous_1)","line":4,"loc":{"start":{"line":4,"column":21},"end":{"line":4,"column":33}}},"2":{"name":"CheckerPlugin","line":5,"loc":{"start":{"line":5,"column":4},"end":{"line":5,"column":29}}},"3":{"name":"(anonymous_3)","line":7,"loc":{"start":{"line":7,"column":36},"end":{"line":7,"column":56}}},"4":{"name":"(anonymous_4)","line":8,"loc":{"start":{"line":8,"column":31},"end":{"line":8,"column":59}}},"5":{"name":"(anonymous_5)","line":12,"loc":{"start":{"line":12,"column":37},"end":{"line":12,"column":65}}}},"statementMap":{"1":{"start":{"line":2,"column":0},"end":{"line":2,"column":62}},"2":{"start":{"line":3,"column":0},"end":{"line":3,"column":46}},"3":{"start":{"line":4,"column":0},"end":{"line":18,"column":5}},"4":{"start":{"line":5,"column":4},"end":{"line":6,"column":5}},"5":{"start":{"line":7,"column":4},"end":{"line":16,"column":6}},"6":{"start":{"line":8,"column":8},"end":{"line":11,"column":11}},"7":{"start":{"line":9,"column":12},"end":{"line":9,"column":54}},"8":{"start":{"line":10,"column":12},"end":{"line":10,"column":23}},"9":{"start":{"line":12,"column":8},"end":{"line":15,"column":11}},"10":{"start":{"line":13,"column":12},"end":{"line":13,"column":53}},"11":{"start":{"line":14,"column":12},"end":{"line":14,"column":23}},"12":{"start":{"line":17,"column":4},"end":{"line":17,"column":25}},"13":{"start":{"line":19,"column":0},"end":{"line":19,"column":38}}},"branchMap":{},"code":["\"use strict\";","Object.defineProperty(exports, \"__esModule\", { value: true });","exports.WatchModeSymbol = Symbol('WatchMode');","var CheckerPlugin = (function () {","    function CheckerPlugin() {","    }","    CheckerPlugin.prototype.apply = function (compiler) {","        compiler.plugin(\"run\", function (params, callback) {","            compiler[exports.WatchModeSymbol] = false;","            callback();","        });","        compiler.plugin(\"watch-run\", function (params, callback) {","            compiler[exports.WatchModeSymbol] = true;","            callback();","        });","    };","    return CheckerPlugin;","}());","exports.CheckerPlugin = CheckerPlugin;","//# sourceMappingURL=watch-mode.js.map"],"l":{"2":1,"3":1,"4":1,"5":1,"7":1,"8":0,"9":0,"10":0,"12":0,"13":0,"14":0,"17":1,"19":1}},"/home/travis/build/npmtest/node-npmtest-awesome-typescript-loader/node_modules/awesome-typescript-loader/dist/paths-plugin.js":{"path":"/home/travis/build/npmtest/node-npmtest-awesome-typescript-loader/node_modules/awesome-typescript-loader/dist/paths-plugin.js","s":{"1":1,"2":1,"3":1,"4":1,"5":1,"6":1,"7":1,"8":1,"9":0,"10":1,"11":1,"12":0,"13":0,"14":0,"15":0,"16":0,"17":0,"18":0,"19":0,"20":0,"21":0,"22":0,"23":0,"24":0,"25":0,"26":0,"27":0,"28":0,"29":0,"30":0,"31":0,"32":0,"33":0,"34":0,"35":0,"36":0,"37":1,"38":0,"39":0,"40":0,"41":0,"42":0,"43":0,"44":1,"45":0,"46":0,"47":0,"48":0,"49":0,"50":0,"51":0,"52":0,"53":0,"54":0,"55":0,"56":0,"57":0,"58":0,"59":0,"60":0,"61":0,"62":0,"63":1,"64":1},"b":{"1":[0,0],"2":[0,0],"3":[0,0],"4":[0,0],"5":[0,0],"6":[0,0],"7":[0,0],"8":[0,0],"9":[0,0],"10":[0,0],"11":[0,0]},"f":{"1":0,"2":1,"3":0,"4":0,"5":0,"6":0,"7":0,"8":0,"9":0,"10":0},"fnMap":{"1":{"name":"escapeRegExp","line":9,"loc":{"start":{"line":9,"column":0},"end":{"line":9,"column":27}}},"2":{"name":"(anonymous_2)","line":12,"loc":{"start":{"line":12,"column":18},"end":{"line":12,"column":30}}},"3":{"name":"PathPlugin","line":13,"loc":{"start":{"line":13,"column":4},"end":{"line":13,"column":32}}},"4":{"name":"(anonymous_4)","line":27,"loc":{"start":{"line":27,"column":35},"end":{"line":27,"column":52}}},"5":{"name":"(anonymous_5)","line":31,"loc":{"start":{"line":31,"column":28},"end":{"line":31,"column":46}}},"6":{"name":"(anonymous_6)","line":49,"loc":{"start":{"line":49,"column":33},"end":{"line":49,"column":53}}},"7":{"name":"(anonymous_7)","line":55,"loc":{"start":{"line":55,"column":25},"end":{"line":55,"column":44}}},"8":{"name":"(anonymous_8)","line":59,"loc":{"start":{"line":59,"column":40},"end":{"line":59,"column":69}}},"9":{"name":"(anonymous_9)","line":61,"loc":{"start":{"line":61,"column":15},"end":{"line":61,"column":44}}},"10":{"name":"(anonymous_10)","line":80,"loc":{"start":{"line":80,"column":183},"end":{"line":80,"column":206}}}},"statementMap":{"1":{"start":{"line":2,"column":0},"end":{"line":2,"column":62}},"2":{"start":{"line":3,"column":0},"end":{"line":3,"column":39}},"3":{"start":{"line":4,"column":0},"end":{"line":4,"column":27}},"4":{"start":{"line":5,"column":0},"end":{"line":5,"column":26}},"5":{"start":{"line":6,"column":0},"end":{"line":6,"column":78}},"6":{"start":{"line":7,"column":0},"end":{"line":7,"column":78}},"7":{"start":{"line":8,"column":0},"end":{"line":8,"column":70}},"8":{"start":{"line":9,"column":0},"end":{"line":11,"column":1}},"9":{"start":{"line":10,"column":4},"end":{"line":10,"column":70}},"10":{"start":{"line":12,"column":0},"end":{"line":89,"column":5}},"11":{"start":{"line":13,"column":4},"end":{"line":48,"column":5}},"12":{"start":{"line":14,"column":8},"end":{"line":14,"column":47}},"13":{"start":{"line":14,"column":33},"end":{"line":14,"column":45}},"14":{"start":{"line":15,"column":8},"end":{"line":15,"column":25}},"15":{"start":{"line":16,"column":8},"end":{"line":16,"column":42}},"16":{"start":{"line":17,"column":8},"end":{"line":17,"column":32}},"17":{"start":{"line":18,"column":8},"end":{"line":18,"column":61}},"18":{"start":{"line":19,"column":8},"end":{"line":19,"column":54}},"19":{"start":{"line":20,"column":8},"end":{"line":20,"column":145}},"20":{"start":{"line":21,"column":8},"end":{"line":21,"column":46}},"21":{"start":{"line":22,"column":8},"end":{"line":22,"column":45}},"22":{"start":{"line":23,"column":8},"end":{"line":23,"column":44}},"23":{"start":{"line":24,"column":8},"end":{"line":24,"column":100}},"24":{"start":{"line":25,"column":8},"end":{"line":25,"column":27}},"25":{"start":{"line":26,"column":8},"end":{"line":26,"column":45}},"26":{"start":{"line":27,"column":8},"end":{"line":47,"column":11}},"27":{"start":{"line":28,"column":12},"end":{"line":28,"column":55}},"28":{"start":{"line":29,"column":12},"end":{"line":29,"column":51}},"29":{"start":{"line":30,"column":12},"end":{"line":30,"column":39}},"30":{"start":{"line":31,"column":12},"end":{"line":46,"column":15}},"31":{"start":{"line":32,"column":16},"end":{"line":32,"column":33}},"32":{"start":{"line":33,"column":16},"end":{"line":39,"column":17}},"33":{"start":{"line":34,"column":20},"end":{"line":34,"column":72}},"34":{"start":{"line":37,"column":20},"end":{"line":37,"column":80}},"35":{"start":{"line":38,"column":20},"end":{"line":38,"column":71}},"36":{"start":{"line":40,"column":16},"end":{"line":45,"column":19}},"37":{"start":{"line":49,"column":4},"end":{"line":58,"column":6}},"38":{"start":{"line":50,"column":8},"end":{"line":50,"column":25}},"39":{"start":{"line":51,"column":8},"end":{"line":51,"column":68}},"40":{"start":{"line":52,"column":8},"end":{"line":54,"column":9}},"41":{"start":{"line":53,"column":12},"end":{"line":53,"column":95}},"42":{"start":{"line":55,"column":8},"end":{"line":57,"column":11}},"43":{"start":{"line":56,"column":12},"end":{"line":56,"column":81}},"44":{"start":{"line":59,"column":4},"end":{"line":87,"column":6}},"45":{"start":{"line":60,"column":8},"end":{"line":60,"column":25}},"46":{"start":{"line":61,"column":8},"end":{"line":86,"column":10}},"47":{"start":{"line":62,"column":12},"end":{"line":62,"column":66}},"48":{"start":{"line":63,"column":12},"end":{"line":65,"column":13}},"49":{"start":{"line":64,"column":16},"end":{"line":64,"column":34}},"50":{"start":{"line":66,"column":12},"end":{"line":66,"column":65}},"51":{"start":{"line":67,"column":12},"end":{"line":69,"column":13}},"52":{"start":{"line":68,"column":16},"end":{"line":68,"column":34}},"53":{"start":{"line":70,"column":12},"end":{"line":70,"column":47}},"54":{"start":{"line":71,"column":12},"end":{"line":73,"column":13}},"55":{"start":{"line":72,"column":16},"end":{"line":72,"column":69}},"56":{"start":{"line":74,"column":12},"end":{"line":76,"column":13}},"57":{"start":{"line":75,"column":16},"end":{"line":75,"column":83}},"58":{"start":{"line":77,"column":12},"end":{"line":79,"column":15}},"59":{"start":{"line":80,"column":12},"end":{"line":85,"column":26}},"60":{"start":{"line":81,"column":16},"end":{"line":83,"column":17}},"61":{"start":{"line":82,"column":20},"end":{"line":82,"column":49}},"62":{"start":{"line":84,"column":16},"end":{"line":84,"column":37}},"63":{"start":{"line":88,"column":4},"end":{"line":88,"column":22}},"64":{"start":{"line":90,"column":0},"end":{"line":90,"column":32}}},"branchMap":{"1":{"line":14,"type":"if","locations":[{"start":{"line":14,"column":8},"end":{"line":14,"column":8}},{"start":{"line":14,"column":8},"end":{"line":14,"column":8}}]},"2":{"line":19,"type":"binary-expr","locations":[{"start":{"line":19,"column":22},"end":{"line":19,"column":36}},{"start":{"line":19,"column":40},"end":{"line":19,"column":53}}]},"3":{"line":24,"type":"binary-expr","locations":[{"start":{"line":24,"column":79},"end":{"line":24,"column":91}},{"start":{"line":24,"column":95},"end":{"line":24,"column":98}}]},"4":{"line":26,"type":"binary-expr","locations":[{"start":{"line":26,"column":20},"end":{"line":26,"column":38}},{"start":{"line":26,"column":42},"end":{"line":26,"column":44}}]},"5":{"line":33,"type":"if","locations":[{"start":{"line":33,"column":16},"end":{"line":33,"column":16}},{"start":{"line":33,"column":16},"end":{"line":33,"column":16}}]},"6":{"line":52,"type":"if","locations":[{"start":{"line":52,"column":8},"end":{"line":52,"column":8}},{"start":{"line":52,"column":8},"end":{"line":52,"column":8}}]},"7":{"line":63,"type":"if","locations":[{"start":{"line":63,"column":12},"end":{"line":63,"column":12}},{"start":{"line":63,"column":12},"end":{"line":63,"column":12}}]},"8":{"line":67,"type":"if","locations":[{"start":{"line":67,"column":12},"end":{"line":67,"column":12}},{"start":{"line":67,"column":12},"end":{"line":67,"column":12}}]},"9":{"line":71,"type":"if","locations":[{"start":{"line":71,"column":12},"end":{"line":71,"column":12}},{"start":{"line":71,"column":12},"end":{"line":71,"column":12}}]},"10":{"line":74,"type":"if","locations":[{"start":{"line":74,"column":12},"end":{"line":74,"column":12}},{"start":{"line":74,"column":12},"end":{"line":74,"column":12}}]},"11":{"line":81,"type":"if","locations":[{"start":{"line":81,"column":16},"end":{"line":81,"column":16}},{"start":{"line":81,"column":16},"end":{"line":81,"column":16}}]}},"code":["\"use strict\";","Object.defineProperty(exports, \"__esModule\", { value: true });","var instance_1 = require(\"./instance\");","var path = require(\"path\");","var _ = require(\"lodash\");","var ModulesInRootPlugin = require('enhanced-resolve/lib/ModulesInRootPlugin');","var createInnerCallback = require('enhanced-resolve/lib/createInnerCallback');","var getInnerRequest = require('enhanced-resolve/lib/getInnerRequest');","function escapeRegExp(str) {","    return str.replace(/[\\-\\[\\]\\/\\{\\}\\(\\)\\*\\+\\?\\.\\\\\\^\\$\\|]/g, \"\\\\$&\");","}","var PathPlugin = (function () {","    function PathPlugin(config) {","        if (config === void 0) { config = {}; }","        var _this = this;","        this.source = 'described-resolve';","        this.target = 'resolve';","        this.ts = instance_1.setupTs(config.compiler).tsImpl;","        var context = config.context || process.cwd();","        var _a = instance_1.readConfigFile(context, config, {}, this.ts), configFilePath = _a.configFilePath, compilerConfig = _a.compilerConfig;","        this.options = compilerConfig.options;","        this.configFilePath = configFilePath;","        this.baseUrl = this.options.baseUrl;","        this.absoluteBaseUrl = path.resolve(path.dirname(this.configFilePath), this.baseUrl || '.');","        this.mappings = [];","        var paths = this.options.paths || {};","        Object.keys(paths).forEach(function (alias) {","            var onlyModule = alias.indexOf('*') === -1;","            var excapedAlias = escapeRegExp(alias);","            var targets = paths[alias];","            targets.forEach(function (target) {","                var aliasPattern;","                if (onlyModule) {","                    aliasPattern = new RegExp(\"^\" + excapedAlias + \"$\");","                }","                else {","                    var withStarCapturing = excapedAlias.replace('\\\\*', '(.*)');","                    aliasPattern = new RegExp(\"^\" + withStarCapturing);","                }","                _this.mappings.push({","                    onlyModule: onlyModule,","                    alias: alias,","                    aliasPattern: aliasPattern,","                    target: target","                });","            });","        });","    }","    PathPlugin.prototype.apply = function (resolver) {","        var _this = this;","        var _a = this, baseUrl = _a.baseUrl, mappings = _a.mappings;","        if (baseUrl) {","            resolver.apply(new ModulesInRootPlugin(\"module\", this.absoluteBaseUrl, \"resolve\"));","        }","        mappings.forEach(function (mapping) {","            resolver.plugin(_this.source, _this.createPlugin(resolver, mapping));","        });","    };","    PathPlugin.prototype.createPlugin = function (resolver, mapping) {","        var _this = this;","        return function (request, callback) {","            var innerRequest = getInnerRequest(resolver, request);","            if (!innerRequest) {","                return callback();","            }","            var match = innerRequest.match(mapping.aliasPattern);","            if (!match) {","                return callback();","            }","            var newRequestStr = mapping.target;","            if (!mapping.onlyModule) {","                newRequestStr = newRequestStr.replace('*', match[1]);","            }","            if (newRequestStr[0] === '.') {","                newRequestStr = path.resolve(_this.absoluteBaseUrl, newRequestStr);","            }","            var newRequest = _.extend({}, request, {","                request: newRequestStr","            });","            return resolver.doResolve(_this.target, newRequest, \"aliased with mapping '\" + innerRequest + \"': '\" + mapping.alias + \"' to '\" + newRequestStr + \"'\", createInnerCallback(function (err, result) {","                if (arguments.length > 0) {","                    return callback(err, result);","                }","                callback(null, null);","            }, callback));","        };","    };","    return PathPlugin;","}());","exports.PathPlugin = PathPlugin;","//# sourceMappingURL=paths-plugin.js.map"],"l":{"2":1,"3":1,"4":1,"5":1,"6":1,"7":1,"8":1,"9":1,"10":0,"12":1,"13":1,"14":0,"15":0,"16":0,"17":0,"18":0,"19":0,"20":0,"21":0,"22":0,"23":0,"24":0,"25":0,"26":0,"27":0,"28":0,"29":0,"30":0,"31":0,"32":0,"33":0,"34":0,"37":0,"38":0,"40":0,"49":1,"50":0,"51":0,"52":0,"53":0,"55":0,"56":0,"59":1,"60":0,"61":0,"62":0,"63":0,"64":0,"66":0,"67":0,"68":0,"70":0,"71":0,"72":0,"74":0,"75":0,"77":0,"80":0,"81":0,"82":0,"84":0,"88":1,"90":1}}}